{"meta": {"format": 3, "version": "7.12.0", "timestamp": "2025-11-28T15:21:17.362505", "branch_coverage": false, "show_contexts": false}, "files": {"negative_space_analysis/__init__.py": {"executed_lines": [], "summary": {"covered_lines": 0, "num_statements": 7, "percent_covered": 0.0, "percent_covered_display": "0", "missing_lines": 7, "excluded_lines": 0, "percent_statements_covered": 0.0, "percent_statements_covered_display": "0"}, "missing_lines": [6, 9, 10, 11, 12, 13, 15], "excluded_lines": [], "functions": {"": {"executed_lines": [], "summary": {"covered_lines": 0, "num_statements": 7, "percent_covered": 0.0, "percent_covered_display": "0", "missing_lines": 7, "excluded_lines": 0, "percent_statements_covered": 0.0, "percent_statements_covered_display": "0"}, "missing_lines": [6, 9, 10, 11, 12, 13, 15], "excluded_lines": []}}, "classes": {"": {"executed_lines": [], "summary": {"covered_lines": 0, "num_statements": 7, "percent_covered": 0.0, "percent_covered_display": "0", "missing_lines": 7, "excluded_lines": 0, "percent_statements_covered": 0.0, "percent_statements_covered_display": "0"}, "missing_lines": [6, 9, 10, 11, 12, 13, 15], "excluded_lines": []}}}, "negative_space_analysis/advanced_analytics.py": {"executed_lines": [], "summary": {"covered_lines": 0, "num_statements": 99, "percent_covered": 0.0, "percent_covered_display": "0", "missing_lines": 99, "excluded_lines": 0, "percent_statements_covered": 0.0, "percent_statements_covered_display": "0"}, "missing_lines": [14, 15, 16, 17, 18, 19, 20, 21, 23, 26, 27, 29, 30, 31, 32, 33, 34, 37, 40, 41, 42, 43, 44, 45, 46, 47, 48, 49, 51, 52, 53, 54, 55, 56, 57, 58, 59, 60, 61, 64, 67, 73, 74, 75, 76, 77, 78, 81, 83, 99, 102, 103, 106, 109, 112, 113, 114, 115, 123, 125, 127, 130, 145, 149, 151, 153, 159, 160, 163, 164, 166, 172, 173, 176, 178, 179, 181, 182, 183, 185, 186, 189, 190, 192, 194, 199, 210, 211, 212, 215, 216, 218, 223, 225, 237, 238, 240, 242, 254], "excluded_lines": [], "functions": {"NegativeSpacePatternNet.__init__": {"executed_lines": [], "summary": {"covered_lines": 0, "num_statements": 9, "percent_covered": 0.0, "percent_covered_display": "0", "missing_lines": 9, "excluded_lines": 0, "percent_statements_covered": 0.0, "percent_statements_covered_display": "0"}, "missing_lines": [41, 42, 43, 44, 45, 46, 47, 48, 49], "excluded_lines": []}, "NegativeSpacePatternNet.forward": {"executed_lines": [], "summary": {"covered_lines": 0, "num_statements": 10, "percent_covered": 0.0, "percent_covered_display": "0", "missing_lines": 10, "excluded_lines": 0, "percent_statements_covered": 0.0, "percent_statements_covered_display": "0"}, "missing_lines": [52, 53, 54, 55, 56, 57, 58, 59, 60, 61], "excluded_lines": []}, "NegativeSpaceAnalytics.__init__": {"executed_lines": [], "summary": {"covered_lines": 0, "num_statements": 7, "percent_covered": 0.0, "percent_covered_display": "0", "missing_lines": 7, "excluded_lines": 0, "percent_statements_covered": 0.0, "percent_statements_covered_display": "0"}, "missing_lines": [73, 74, 75, 76, 77, 78, 81], "excluded_lines": []}, "NegativeSpaceAnalytics.analyze_patterns": {"executed_lines": [], "summary": {"covered_lines": 0, "num_statements": 11, "percent_covered": 0.0, "percent_covered_display": "0", "missing_lines": 11, "excluded_lines": 0, "percent_statements_covered": 0.0, "percent_statements_covered_display": "0"}, "missing_lines": [99, 102, 103, 106, 109, 112, 113, 114, 115, 123, 125], "excluded_lines": []}, "NegativeSpaceAnalytics._features_to_tensor": {"executed_lines": [], "summary": {"covered_lines": 0, "num_statements": 3, "percent_covered": 0.0, "percent_covered_display": "0", "missing_lines": 3, "excluded_lines": 0, "percent_statements_covered": 0.0, "percent_statements_covered_display": "0"}, "missing_lines": [130, 145, 149], "excluded_lines": []}, "NegativeSpaceAnalytics._detect_anomalies": {"executed_lines": [], "summary": {"covered_lines": 0, "num_statements": 5, "percent_covered": 0.0, "percent_covered_display": "0", "missing_lines": 5, "excluded_lines": 0, "percent_statements_covered": 0.0, "percent_statements_covered_display": "0"}, "missing_lines": [153, 159, 160, 163, 164], "excluded_lines": []}, "NegativeSpaceAnalytics._analyze_temporal_stability": {"executed_lines": [], "summary": {"covered_lines": 0, "num_statements": 13, "percent_covered": 0.0, "percent_covered_display": "0", "missing_lines": 13, "excluded_lines": 0, "percent_statements_covered": 0.0, "percent_statements_covered_display": "0"}, "missing_lines": [172, 173, 176, 178, 179, 181, 182, 183, 185, 186, 189, 190, 192], "excluded_lines": []}, "NegativeSpaceAnalytics._analyze_feature_importance": {"executed_lines": [], "summary": {"covered_lines": 0, "num_statements": 7, "percent_covered": 0.0, "percent_covered_display": "0", "missing_lines": 7, "excluded_lines": 0, "percent_statements_covered": 0.0, "percent_statements_covered_display": "0"}, "missing_lines": [199, 210, 211, 212, 215, 216, 218], "excluded_lines": []}, "NegativeSpaceAnalytics._get_pattern_type": {"executed_lines": [], "summary": {"covered_lines": 0, "num_statements": 3, "percent_covered": 0.0, "percent_covered_display": "0", "missing_lines": 3, "excluded_lines": 0, "percent_statements_covered": 0.0, "percent_statements_covered_display": "0"}, "missing_lines": [225, 237, 238], "excluded_lines": []}, "NegativeSpaceAnalytics._find_related_patterns": {"executed_lines": [], "summary": {"covered_lines": 0, "num_statements": 2, "percent_covered": 0.0, "percent_covered_display": "0", "missing_lines": 2, "excluded_lines": 0, "percent_statements_covered": 0.0, "percent_statements_covered_display": "0"}, "missing_lines": [242, 254], "excluded_lines": []}, "": {"executed_lines": [], "summary": {"covered_lines": 0, "num_statements": 29, "percent_covered": 0.0, "percent_covered_display": "0", "missing_lines": 29, "excluded_lines": 0, "percent_statements_covered": 0.0, "percent_statements_covered_display": "0"}, "missing_lines": [14, 15, 16, 17, 18, 19, 20, 21, 23, 26, 27, 29, 30, 31, 32, 33, 34, 37, 40, 51, 64, 67, 83, 127, 151, 166, 194, 223, 240], "excluded_lines": []}}, "classes": {"AnalyticsResult": {"executed_lines": [], "summary": {"covered_lines": 0, "num_statements": 0, "percent_covered": 100.0, "percent_covered_display": "100", "missing_lines": 0, "excluded_lines": 0, "percent_statements_covered": 100.0, "percent_statements_covered_display": "100"}, "missing_lines": [], "excluded_lines": []}, "NegativeSpacePatternNet": {"executed_lines": [], "summary": {"covered_lines": 0, "num_statements": 19, "percent_covered": 0.0, "percent_covered_display": "0", "missing_lines": 19, "excluded_lines": 0, "percent_statements_covered": 0.0, "percent_statements_covered_display": "0"}, "missing_lines": [41, 42, 43, 44, 45, 46, 47, 48, 49, 52, 53, 54, 55, 56, 57, 58, 59, 60, 61], "excluded_lines": []}, "NegativeSpaceAnalytics": {"executed_lines": [], "summary": {"covered_lines": 0, "num_statements": 51, "percent_covered": 0.0, "percent_covered_display": "0", "missing_lines": 51, "excluded_lines": 0, "percent_statements_covered": 0.0, "percent_statements_covered_display": "0"}, "missing_lines": [73, 74, 75, 76, 77, 78, 81, 99, 102, 103, 106, 109, 112, 113, 114, 115, 123, 125, 130, 145, 149, 153, 159, 160, 163, 164, 172, 173, 176, 178, 179, 181, 182, 183, 185, 186, 189, 190, 192, 199, 210, 211, 212, 215, 216, 218, 225, 237, 238, 242, 254], "excluded_lines": []}, "": {"executed_lines": [], "summary": {"covered_lines": 0, "num_statements": 29, "percent_covered": 0.0, "percent_covered_display": "0", "missing_lines": 29, "excluded_lines": 0, "percent_statements_covered": 0.0, "percent_statements_covered_display": "0"}, "missing_lines": [14, 15, 16, 17, 18, 19, 20, 21, 23, 26, 27, 29, 30, 31, 32, 33, 34, 37, 40, 51, 64, 67, 83, 127, 151, 166, 194, 223, 240], "excluded_lines": []}}}, "negative_space_analysis/advanced_patterns.py": {"executed_lines": [], "summary": {"covered_lines": 0, "num_statements": 126, "percent_covered": 0.0, "percent_covered_display": "0", "missing_lines": 126, "excluded_lines": 0, "percent_statements_covered": 0.0, "percent_statements_covered_display": "0"}, "missing_lines": [12, 13, 14, 15, 16, 17, 20, 21, 23, 24, 25, 26, 27, 30, 31, 33, 34, 35, 36, 39, 42, 47, 48, 50, 65, 66, 69, 71, 72, 74, 75, 77, 79, 80, 83, 84, 87, 89, 90, 98, 100, 115, 118, 120, 121, 123, 126, 127, 128, 129, 131, 132, 140, 142, 148, 149, 150, 151, 154, 156, 162, 163, 166, 167, 170, 171, 174, 176, 179, 182, 183, 185, 200, 201, 204, 207, 210, 213, 215, 222, 224, 225, 226, 227, 230, 231, 232, 234, 236, 238, 239, 241, 243, 250, 252, 254, 255, 256, 257, 258, 259, 260, 262, 264, 265, 267, 268, 269, 271, 273, 279, 280, 282, 283, 284, 285, 286, 288, 289, 291, 292, 293, 295, 297, 303, 304], "excluded_lines": [], "functions": {"SymmetryDetector.__init__": {"executed_lines": [], "summary": {"covered_lines": 0, "num_statements": 2, "percent_covered": 0.0, "percent_covered_display": "0", "missing_lines": 2, "excluded_lines": 0, "percent_statements_covered": 0.0, "percent_statements_covered_display": "0"}, "missing_lines": [47, 48], "excluded_lines": []}, "SymmetryDetector.detect_bilateral_symmetry": {"executed_lines": [], "summary": {"covered_lines": 0, "num_statements": 16, "percent_covered": 0.0, "percent_covered_display": "0", "missing_lines": 16, "excluded_lines": 0, "percent_statements_covered": 0.0, "percent_statements_covered_display": "0"}, "missing_lines": [65, 66, 69, 71, 72, 74, 75, 77, 79, 80, 83, 84, 87, 89, 90, 98], "excluded_lines": []}, "SymmetryDetector.detect_radial_symmetry": {"executed_lines": [], "summary": {"covered_lines": 0, "num_statements": 12, "percent_covered": 0.0, "percent_covered_display": "0", "missing_lines": 12, "excluded_lines": 0, "percent_statements_covered": 0.0, "percent_statements_covered_display": "0"}, "missing_lines": [115, 118, 120, 121, 123, 126, 127, 128, 129, 131, 132, 140], "excluded_lines": []}, "SymmetryDetector._calculate_symmetry_score": {"executed_lines": [], "summary": {"covered_lines": 0, "num_statements": 5, "percent_covered": 0.0, "percent_covered_display": "0", "missing_lines": 5, "excluded_lines": 0, "percent_statements_covered": 0.0, "percent_statements_covered_display": "0"}, "missing_lines": [148, 149, 150, 151, 154], "excluded_lines": []}, "SymmetryDetector._calculate_radial_symmetry": {"executed_lines": [], "summary": {"covered_lines": 0, "num_statements": 8, "percent_covered": 0.0, "percent_covered_display": "0", "missing_lines": 8, "excluded_lines": 0, "percent_statements_covered": 0.0, "percent_statements_covered_display": "0"}, "missing_lines": [162, 163, 166, 167, 170, 171, 174, 176], "excluded_lines": []}, "FractalAnalyzer.__init__": {"executed_lines": [], "summary": {"covered_lines": 0, "num_statements": 1, "percent_covered": 0.0, "percent_covered_display": "0", "missing_lines": 1, "excluded_lines": 0, "percent_statements_covered": 0.0, "percent_statements_covered_display": "0"}, "missing_lines": [183], "excluded_lines": []}, "FractalAnalyzer.compute_fractal_features": {"executed_lines": [], "summary": {"covered_lines": 0, "num_statements": 7, "percent_covered": 0.0, "percent_covered_display": "0", "missing_lines": 7, "excluded_lines": 0, "percent_statements_covered": 0.0, "percent_statements_covered_display": "0"}, "missing_lines": [200, 201, 204, 207, 210, 213, 215], "excluded_lines": []}, "FractalAnalyzer._box_counting_dimension": {"executed_lines": [], "summary": {"covered_lines": 0, "num_statements": 8, "percent_covered": 0.0, "percent_covered_display": "0", "missing_lines": 8, "excluded_lines": 0, "percent_statements_covered": 0.0, "percent_statements_covered_display": "0"}, "missing_lines": [224, 225, 226, 227, 230, 231, 232, 234], "excluded_lines": []}, "FractalAnalyzer._count_boxes": {"executed_lines": [], "summary": {"covered_lines": 0, "num_statements": 2, "percent_covered": 0.0, "percent_covered_display": "0", "missing_lines": 2, "excluded_lines": 0, "percent_statements_covered": 0.0, "percent_statements_covered_display": "0"}, "missing_lines": [238, 239], "excluded_lines": []}, "FractalAnalyzer._calculate_lacunarity": {"executed_lines": [], "summary": {"covered_lines": 0, "num_statements": 2, "percent_covered": 0.0, "percent_covered_display": "0", "missing_lines": 2, "excluded_lines": 0, "percent_statements_covered": 0.0, "percent_statements_covered_display": "0"}, "missing_lines": [243, 250], "excluded_lines": []}, "FractalAnalyzer._hurst_exponent": {"executed_lines": [], "summary": {"covered_lines": 0, "num_statements": 7, "percent_covered": 0.0, "percent_covered_display": "0", "missing_lines": 7, "excluded_lines": 0, "percent_statements_covered": 0.0, "percent_statements_covered_display": "0"}, "missing_lines": [254, 255, 256, 257, 258, 259, 260], "excluded_lines": []}, "FractalAnalyzer._multifractal_spectrum": {"executed_lines": [], "summary": {"covered_lines": 0, "num_statements": 6, "percent_covered": 0.0, "percent_covered_display": "0", "missing_lines": 6, "excluded_lines": 0, "percent_statements_covered": 0.0, "percent_statements_covered_display": "0"}, "missing_lines": [264, 265, 267, 268, 269, 271], "excluded_lines": []}, "FractalAnalyzer._generalized_dimension": {"executed_lines": [], "summary": {"covered_lines": 0, "num_statements": 13, "percent_covered": 0.0, "percent_covered_display": "0", "missing_lines": 13, "excluded_lines": 0, "percent_statements_covered": 0.0, "percent_statements_covered_display": "0"}, "missing_lines": [279, 280, 282, 283, 284, 285, 286, 288, 289, 291, 292, 293, 295], "excluded_lines": []}, "FractalAnalyzer._box_measure": {"executed_lines": [], "summary": {"covered_lines": 0, "num_statements": 2, "percent_covered": 0.0, "percent_covered_display": "0", "missing_lines": 2, "excluded_lines": 0, "percent_statements_covered": 0.0, "percent_statements_covered_display": "0"}, "missing_lines": [303, 304], "excluded_lines": []}, "": {"executed_lines": [], "summary": {"covered_lines": 0, "num_statements": 35, "percent_covered": 0.0, "percent_covered_display": "0", "missing_lines": 35, "excluded_lines": 0, "percent_statements_covered": 0.0, "percent_statements_covered_display": "0"}, "missing_lines": [12, 13, 14, 15, 16, 17, 20, 21, 23, 24, 25, 26, 27, 30, 31, 33, 34, 35, 36, 39, 42, 50, 100, 142, 156, 179, 182, 185, 222, 236, 241, 252, 262, 273, 297], "excluded_lines": []}}, "classes": {"SymmetryFeatures": {"executed_lines": [], "summary": {"covered_lines": 0, "num_statements": 0, "percent_covered": 100.0, "percent_covered_display": "100", "missing_lines": 0, "excluded_lines": 0, "percent_statements_covered": 100.0, "percent_statements_covered_display": "100"}, "missing_lines": [], "excluded_lines": []}, "FractalFeatures": {"executed_lines": [], "summary": {"covered_lines": 0, "num_statements": 0, "percent_covered": 100.0, "percent_covered_display": "100", "missing_lines": 0, "excluded_lines": 0, "percent_statements_covered": 100.0, "percent_statements_covered_display": "100"}, "missing_lines": [], "excluded_lines": []}, "SymmetryDetector": {"executed_lines": [], "summary": {"covered_lines": 0, "num_statements": 43, "percent_covered": 0.0, "percent_covered_display": "0", "missing_lines": 43, "excluded_lines": 0, "percent_statements_covered": 0.0, "percent_statements_covered_display": "0"}, "missing_lines": [47, 48, 65, 66, 69, 71, 72, 74, 75, 77, 79, 80, 83, 84, 87, 89, 90, 98, 115, 118, 120, 121, 123, 126, 127, 128, 129, 131, 132, 140, 148, 149, 150, 151, 154, 162, 163, 166, 167, 170, 171, 174, 176], "excluded_lines": []}, "FractalAnalyzer": {"executed_lines": [], "summary": {"covered_lines": 0, "num_statements": 48, "percent_covered": 0.0, "percent_covered_display": "0", "missing_lines": 48, "excluded_lines": 0, "percent_statements_covered": 0.0, "percent_statements_covered_display": "0"}, "missing_lines": [183, 200, 201, 204, 207, 210, 213, 215, 224, 225, 226, 227, 230, 231, 232, 234, 238, 239, 243, 250, 254, 255, 256, 257, 258, 259, 260, 264, 265, 267, 268, 269, 271, 279, 280, 282, 283, 284, 285, 286, 288, 289, 291, 292, 293, 295, 303, 304], "excluded_lines": []}, "": {"executed_lines": [], "summary": {"covered_lines": 0, "num_statements": 35, "percent_covered": 0.0, "percent_covered_display": "0", "missing_lines": 35, "excluded_lines": 0, "percent_statements_covered": 0.0, "percent_statements_covered_display": "0"}, "missing_lines": [12, 13, 14, 15, 16, 17, 20, 21, 23, 24, 25, 26, 27, 30, 31, 33, 34, 35, 36, 39, 42, 50, 100, 142, 156, 179, 182, 185, 222, 236, 241, 252, 262, 273, 297], "excluded_lines": []}}}, "negative_space_analysis/ai_model.py": {"executed_lines": [], "summary": {"covered_lines": 0, "num_statements": 0, "percent_covered": 100.0, "percent_covered_display": "100", "missing_lines": 0, "excluded_lines": 0, "percent_statements_covered": 100.0, "percent_statements_covered_display": "100"}, "missing_lines": [], "excluded_lines": [], "functions": {"": {"executed_lines": [], "summary": {"covered_lines": 0, "num_statements": 0, "percent_covered": 100.0, "percent_covered_display": "100", "missing_lines": 0, "excluded_lines": 0, "percent_statements_covered": 100.0, "percent_statements_covered_display": "100"}, "missing_lines": [], "excluded_lines": []}}, "classes": {"": {"executed_lines": [], "summary": {"covered_lines": 0, "num_statements": 0, "percent_covered": 100.0, "percent_covered_display": "100", "missing_lines": 0, "excluded_lines": 0, "percent_statements_covered": 100.0, "percent_statements_covered_display": "100"}, "missing_lines": [], "excluded_lines": []}}}, "negative_space_analysis/augmented_reality_module.py": {"executed_lines": [], "summary": {"covered_lines": 0, "num_statements": 0, "percent_covered": 100.0, "percent_covered_display": "100", "missing_lines": 0, "excluded_lines": 0, "percent_statements_covered": 100.0, "percent_statements_covered_display": "100"}, "missing_lines": [], "excluded_lines": [], "functions": {"": {"executed_lines": [], "summary": {"covered_lines": 0, "num_statements": 0, "percent_covered": 100.0, "percent_covered_display": "100", "missing_lines": 0, "excluded_lines": 0, "percent_statements_covered": 100.0, "percent_statements_covered_display": "100"}, "missing_lines": [], "excluded_lines": []}}, "classes": {"": {"executed_lines": [], "summary": {"covered_lines": 0, "num_statements": 0, "percent_covered": 100.0, "percent_covered_display": "100", "missing_lines": 0, "excluded_lines": 0, "percent_statements_covered": 100.0, "percent_statements_covered_display": "100"}, "missing_lines": [], "excluded_lines": []}}}, "negative_space_analysis/contour_analysis.py": {"executed_lines": [], "summary": {"covered_lines": 0, "num_statements": 108, "percent_covered": 0.0, "percent_covered_display": "0", "missing_lines": 108, "excluded_lines": 0, "percent_statements_covered": 0.0, "percent_statements_covered_display": "0"}, "missing_lines": [10, 11, 12, 13, 14, 15, 16, 19, 20, 22, 23, 24, 25, 26, 27, 30, 33, 39, 40, 41, 43, 59, 60, 63, 66, 67, 68, 69, 70, 71, 73, 82, 85, 86, 89, 92, 93, 95, 97, 100, 101, 102, 103, 106, 108, 110, 112, 113, 115, 116, 118, 120, 126, 127, 129, 132, 133, 134, 136, 144, 150, 151, 153, 154, 156, 157, 160, 161, 162, 165, 167, 172, 178, 179, 180, 181, 184, 185, 188, 189, 191, 193, 196, 197, 200, 203, 204, 206, 212, 219, 220, 223, 224, 226, 228, 230, 231, 233, 235, 236, 237, 240, 241, 242, 244, 246, 248, 249], "excluded_lines": [], "functions": {"ContourMorphologyAnalyzer.__init__": {"executed_lines": [], "summary": {"covered_lines": 0, "num_statements": 3, "percent_covered": 0.0, "percent_covered_display": "0", "missing_lines": 3, "excluded_lines": 0, "percent_statements_covered": 0.0, "percent_statements_covered_display": "0"}, "missing_lines": [39, 40, 41], "excluded_lines": []}, "ContourMorphologyAnalyzer.analyze_contour": {"executed_lines": [], "summary": {"covered_lines": 0, "num_statements": 10, "percent_covered": 0.0, "percent_covered_display": "0", "missing_lines": 10, "excluded_lines": 0, "percent_statements_covered": 0.0, "percent_statements_covered_display": "0"}, "missing_lines": [59, 60, 63, 66, 67, 68, 69, 70, 71, 73], "excluded_lines": []}, "ContourMorphologyAnalyzer._smooth_contour": {"executed_lines": [], "summary": {"covered_lines": 0, "num_statements": 6, "percent_covered": 0.0, "percent_covered_display": "0", "missing_lines": 6, "excluded_lines": 0, "percent_statements_covered": 0.0, "percent_statements_covered_display": "0"}, "missing_lines": [85, 86, 89, 92, 93, 95], "excluded_lines": []}, "ContourMorphologyAnalyzer._compute_curvature": {"executed_lines": [], "summary": {"covered_lines": 0, "num_statements": 6, "percent_covered": 0.0, "percent_covered_display": "0", "missing_lines": 6, "excluded_lines": 0, "percent_statements_covered": 0.0, "percent_statements_covered_display": "0"}, "missing_lines": [100, 101, 102, 103, 106, 108], "excluded_lines": []}, "ContourMorphologyAnalyzer._analyze_convexity": {"executed_lines": [], "summary": {"covered_lines": 0, "num_statements": 5, "percent_covered": 0.0, "percent_covered_display": "0", "missing_lines": 5, "excluded_lines": 0, "percent_statements_covered": 0.0, "percent_statements_covered_display": "0"}, "missing_lines": [112, 113, 115, 116, 118], "excluded_lines": []}, "ContourMorphologyAnalyzer._compute_shape_descriptors": {"executed_lines": [], "summary": {"covered_lines": 0, "num_statements": 7, "percent_covered": 0.0, "percent_covered_display": "0", "missing_lines": 7, "excluded_lines": 0, "percent_statements_covered": 0.0, "percent_statements_covered_display": "0"}, "missing_lines": [126, 127, 129, 132, 133, 134, 136], "excluded_lines": []}, "ContourMorphologyAnalyzer._compute_topological_features": {"executed_lines": [], "summary": {"covered_lines": 0, "num_statements": 11, "percent_covered": 0.0, "percent_covered_display": "0", "missing_lines": 11, "excluded_lines": 0, "percent_statements_covered": 0.0, "percent_statements_covered_display": "0"}, "missing_lines": [150, 151, 153, 154, 156, 157, 160, 161, 162, 165, 167], "excluded_lines": []}, "ContourMorphologyAnalyzer._compute_differential_invariants": {"executed_lines": [], "summary": {"covered_lines": 0, "num_statements": 9, "percent_covered": 0.0, "percent_covered_display": "0", "missing_lines": 9, "excluded_lines": 0, "percent_statements_covered": 0.0, "percent_statements_covered_display": "0"}, "missing_lines": [178, 179, 180, 181, 184, 185, 188, 189, 191], "excluded_lines": []}, "ContourMorphologyAnalyzer._analyze_symmetry": {"executed_lines": [], "summary": {"covered_lines": 0, "num_statements": 6, "percent_covered": 0.0, "percent_covered_display": "0", "missing_lines": 6, "excluded_lines": 0, "percent_statements_covered": 0.0, "percent_statements_covered_display": "0"}, "missing_lines": [196, 197, 200, 203, 204, 206], "excluded_lines": []}, "ContourMorphologyAnalyzer._compute_reflection_symmetry": {"executed_lines": [], "summary": {"covered_lines": 0, "num_statements": 5, "percent_covered": 0.0, "percent_covered_display": "0", "missing_lines": 5, "excluded_lines": 0, "percent_statements_covered": 0.0, "percent_statements_covered_display": "0"}, "missing_lines": [219, 220, 223, 224, 226], "excluded_lines": []}, "ContourMorphologyAnalyzer._compute_rotation_symmetry": {"executed_lines": [], "summary": {"covered_lines": 0, "num_statements": 10, "percent_covered": 0.0, "percent_covered_display": "0", "missing_lines": 10, "excluded_lines": 0, "percent_statements_covered": 0.0, "percent_statements_covered_display": "0"}, "missing_lines": [230, 231, 233, 235, 236, 237, 240, 241, 242, 244], "excluded_lines": []}, "ContourMorphologyAnalyzer._smooth_signal": {"executed_lines": [], "summary": {"covered_lines": 0, "num_statements": 2, "percent_covered": 0.0, "percent_covered_display": "0", "missing_lines": 2, "excluded_lines": 0, "percent_statements_covered": 0.0, "percent_statements_covered_display": "0"}, "missing_lines": [248, 249], "excluded_lines": []}, "": {"executed_lines": [], "summary": {"covered_lines": 0, "num_statements": 28, "percent_covered": 0.0, "percent_covered_display": "0", "missing_lines": 28, "excluded_lines": 0, "percent_statements_covered": 0.0, "percent_statements_covered_display": "0"}, "missing_lines": [10, 11, 12, 13, 14, 15, 16, 19, 20, 22, 23, 24, 25, 26, 27, 30, 33, 43, 82, 97, 110, 120, 144, 172, 193, 212, 228, 246], "excluded_lines": []}}, "classes": {"ContourFeatures": {"executed_lines": [], "summary": {"covered_lines": 0, "num_statements": 0, "percent_covered": 100.0, "percent_covered_display": "100", "missing_lines": 0, "excluded_lines": 0, "percent_statements_covered": 100.0, "percent_statements_covered_display": "100"}, "missing_lines": [], "excluded_lines": []}, "ContourMorphologyAnalyzer": {"executed_lines": [], "summary": {"covered_lines": 0, "num_statements": 80, "percent_covered": 0.0, "percent_covered_display": "0", "missing_lines": 80, "excluded_lines": 0, "percent_statements_covered": 0.0, "percent_statements_covered_display": "0"}, "missing_lines": [39, 40, 41, 59, 60, 63, 66, 67, 68, 69, 70, 71, 73, 85, 86, 89, 92, 93, 95, 100, 101, 102, 103, 106, 108, 112, 113, 115, 116, 118, 126, 127, 129, 132, 133, 134, 136, 150, 151, 153, 154, 156, 157, 160, 161, 162, 165, 167, 178, 179, 180, 181, 184, 185, 188, 189, 191, 196, 197, 200, 203, 204, 206, 219, 220, 223, 224, 226, 230, 231, 233, 235, 236, 237, 240, 241, 242, 244, 248, 249], "excluded_lines": []}, "": {"executed_lines": [], "summary": {"covered_lines": 0, "num_statements": 28, "percent_covered": 0.0, "percent_covered_display": "0", "missing_lines": 28, "excluded_lines": 0, "percent_statements_covered": 0.0, "percent_statements_covered_display": "0"}, "missing_lines": [10, 11, 12, 13, 14, 15, 16, 19, 20, 22, 23, 24, 25, 26, 27, 30, 33, 43, 82, 97, 110, 120, 144, 172, 193, 212, 228, 246], "excluded_lines": []}}}, "negative_space_analysis/dataset_preparation.py": {"executed_lines": [], "summary": {"covered_lines": 0, "num_statements": 0, "percent_covered": 100.0, "percent_covered_display": "100", "missing_lines": 0, "excluded_lines": 0, "percent_statements_covered": 100.0, "percent_statements_covered_display": "100"}, "missing_lines": [], "excluded_lines": [], "functions": {"": {"executed_lines": [], "summary": {"covered_lines": 0, "num_statements": 0, "percent_covered": 100.0, "percent_covered_display": "100", "missing_lines": 0, "excluded_lines": 0, "percent_statements_covered": 100.0, "percent_statements_covered_display": "100"}, "missing_lines": [], "excluded_lines": []}}, "classes": {"": {"executed_lines": [], "summary": {"covered_lines": 0, "num_statements": 0, "percent_covered": 100.0, "percent_covered_display": "100", "missing_lines": 0, "excluded_lines": 0, "percent_statements_covered": 100.0, "percent_statements_covered_display": "100"}, "missing_lines": [], "excluded_lines": []}}}, "negative_space_analysis/deep_learning_model.py": {"executed_lines": [], "summary": {"covered_lines": 0, "num_statements": 0, "percent_covered": 100.0, "percent_covered_display": "100", "missing_lines": 0, "excluded_lines": 0, "percent_statements_covered": 100.0, "percent_statements_covered_display": "100"}, "missing_lines": [], "excluded_lines": [], "functions": {"": {"executed_lines": [], "summary": {"covered_lines": 0, "num_statements": 0, "percent_covered": 100.0, "percent_covered_display": "100", "missing_lines": 0, "excluded_lines": 0, "percent_statements_covered": 100.0, "percent_statements_covered_display": "100"}, "missing_lines": [], "excluded_lines": []}}, "classes": {"": {"executed_lines": [], "summary": {"covered_lines": 0, "num_statements": 0, "percent_covered": 100.0, "percent_covered_display": "100", "missing_lines": 0, "excluded_lines": 0, "percent_statements_covered": 100.0, "percent_statements_covered_display": "100"}, "missing_lines": [], "excluded_lines": []}}}, "negative_space_analysis/feature_pyramid.py": {"executed_lines": [], "summary": {"covered_lines": 0, "num_statements": 51, "percent_covered": 0.0, "percent_covered_display": "0", "missing_lines": 51, "excluded_lines": 0, "percent_statements_covered": 0.0, "percent_statements_covered_display": "0"}, "missing_lines": [10, 11, 12, 13, 14, 17, 18, 20, 21, 22, 23, 26, 29, 36, 37, 45, 46, 48, 49, 52, 55, 56, 59, 63, 67, 71, 77, 78, 79, 80, 83, 84, 85, 86, 88, 90, 91, 93, 95, 96, 97, 98, 101, 102, 103, 104, 107, 108, 109, 110, 112], "excluded_lines": [], "functions": {"ConvBlock.__init__": {"executed_lines": [], "summary": {"covered_lines": 0, "num_statements": 4, "percent_covered": 0.0, "percent_covered_display": "0", "missing_lines": 4, "excluded_lines": 0, "percent_statements_covered": 0.0, "percent_statements_covered_display": "0"}, "missing_lines": [36, 37, 45, 46], "excluded_lines": []}, "ConvBlock.forward": {"executed_lines": [], "summary": {"covered_lines": 0, "num_statements": 1, "percent_covered": 0.0, "percent_covered_display": "0", "missing_lines": 1, "excluded_lines": 0, "percent_statements_covered": 0.0, "percent_statements_covered_display": "0"}, "missing_lines": [49], "excluded_lines": []}, "FeaturePyramidNetwork.__init__": {"executed_lines": [], "summary": {"covered_lines": 0, "num_statements": 13, "percent_covered": 0.0, "percent_covered_display": "0", "missing_lines": 13, "excluded_lines": 0, "percent_statements_covered": 0.0, "percent_statements_covered_display": "0"}, "missing_lines": [56, 59, 63, 67, 71, 77, 78, 79, 80, 83, 84, 85, 86], "excluded_lines": []}, "FeaturePyramidNetwork._upsample_add": {"executed_lines": [], "summary": {"covered_lines": 0, "num_statements": 2, "percent_covered": 0.0, "percent_covered_display": "0", "missing_lines": 2, "excluded_lines": 0, "percent_statements_covered": 0.0, "percent_statements_covered_display": "0"}, "missing_lines": [90, 91], "excluded_lines": []}, "FeaturePyramidNetwork.forward": {"executed_lines": [], "summary": {"covered_lines": 0, "num_statements": 13, "percent_covered": 0.0, "percent_covered_display": "0", "missing_lines": 13, "excluded_lines": 0, "percent_statements_covered": 0.0, "percent_statements_covered_display": "0"}, "missing_lines": [95, 96, 97, 98, 101, 102, 103, 104, 107, 108, 109, 110, 112], "excluded_lines": []}, "": {"executed_lines": [], "summary": {"covered_lines": 0, "num_statements": 18, "percent_covered": 0.0, "percent_covered_display": "0", "missing_lines": 18, "excluded_lines": 0, "percent_statements_covered": 0.0, "percent_statements_covered_display": "0"}, "missing_lines": [10, 11, 12, 13, 14, 17, 18, 20, 21, 22, 23, 26, 29, 48, 52, 55, 88, 93], "excluded_lines": []}}, "classes": {"FPNFeatures": {"executed_lines": [], "summary": {"covered_lines": 0, "num_statements": 0, "percent_covered": 100.0, "percent_covered_display": "100", "missing_lines": 0, "excluded_lines": 0, "percent_statements_covered": 100.0, "percent_statements_covered_display": "100"}, "missing_lines": [], "excluded_lines": []}, "ConvBlock": {"executed_lines": [], "summary": {"covered_lines": 0, "num_statements": 5, "percent_covered": 0.0, "percent_covered_display": "0", "missing_lines": 5, "excluded_lines": 0, "percent_statements_covered": 0.0, "percent_statements_covered_display": "0"}, "missing_lines": [36, 37, 45, 46, 49], "excluded_lines": []}, "FeaturePyramidNetwork": {"executed_lines": [], "summary": {"covered_lines": 0, "num_statements": 28, "percent_covered": 0.0, "percent_covered_display": "0", "missing_lines": 28, "excluded_lines": 0, "percent_statements_covered": 0.0, "percent_statements_covered_display": "0"}, "missing_lines": [56, 59, 63, 67, 71, 77, 78, 79, 80, 83, 84, 85, 86, 90, 91, 95, 96, 97, 98, 101, 102, 103, 104, 107, 108, 109, 110, 112], "excluded_lines": []}, "": {"executed_lines": [], "summary": {"covered_lines": 0, "num_statements": 18, "percent_covered": 0.0, "percent_covered_display": "0", "missing_lines": 18, "excluded_lines": 0, "percent_statements_covered": 0.0, "percent_statements_covered_display": "0"}, "missing_lines": [10, 11, 12, 13, 14, 17, 18, 20, 21, 22, 23, 26, 29, 48, 52, 55, 88, 93], "excluded_lines": []}}}, "negative_space_analysis/graph_analysis.py": {"executed_lines": [], "summary": {"covered_lines": 0, "num_statements": 140, "percent_covered": 0.0, "percent_covered_display": "0", "missing_lines": 140, "excluded_lines": 0, "percent_statements_covered": 0.0, "percent_statements_covered_display": "0"}, "missing_lines": [10, 11, 12, 13, 14, 15, 16, 17, 18, 21, 22, 24, 25, 26, 27, 28, 29, 30, 33, 36, 43, 44, 45, 46, 47, 50, 51, 52, 55, 62, 68, 85, 88, 89, 90, 93, 96, 97, 98, 99, 101, 104, 105, 106, 109, 112, 120, 121, 123, 126, 129, 136, 138, 148, 149, 150, 152, 174, 175, 176, 179, 182, 185, 187, 190, 193, 194, 195, 201, 216, 217, 219, 220, 226, 228, 231, 234, 241, 242, 243, 246, 252, 268, 271, 277, 278, 285, 286, 287, 288, 289, 292, 297, 307, 312, 315, 316, 317, 324, 329, 330, 331, 332, 333, 334, 335, 338, 342, 344, 346, 353, 354, 355, 356, 358, 360, 363, 369, 370, 375, 377, 379, 384, 394, 396, 398, 401, 404, 405, 408, 410, 412, 417, 428, 430, 433, 434, 435, 436, 438], "excluded_lines": [], "functions": {"GraphConvLayer.__init__": {"executed_lines": [], "summary": {"covered_lines": 0, "num_statements": 10, "percent_covered": 0.0, "percent_covered_display": "0", "missing_lines": 10, "excluded_lines": 0, "percent_statements_covered": 0.0, "percent_statements_covered_display": "0"}, "missing_lines": [43, 44, 45, 46, 47, 50, 51, 52, 55, 62], "excluded_lines": []}, "GraphConvLayer.forward": {"executed_lines": [], "summary": {"covered_lines": 0, "num_statements": 18, "percent_covered": 0.0, "percent_covered_display": "0", "missing_lines": 18, "excluded_lines": 0, "percent_statements_covered": 0.0, "percent_statements_covered_display": "0"}, "missing_lines": [85, 88, 89, 90, 93, 96, 97, 98, 99, 101, 104, 105, 106, 109, 112, 120, 121, 123], "excluded_lines": []}, "GraphNN.__init__": {"executed_lines": [], "summary": {"covered_lines": 0, "num_statements": 5, "percent_covered": 0.0, "percent_covered_display": "0", "missing_lines": 5, "excluded_lines": 0, "percent_statements_covered": 0.0, "percent_statements_covered_display": "0"}, "missing_lines": [136, 138, 148, 149, 150], "excluded_lines": []}, "GraphNN.forward": {"executed_lines": [], "summary": {"covered_lines": 0, "num_statements": 7, "percent_covered": 0.0, "percent_covered_display": "0", "missing_lines": 7, "excluded_lines": 0, "percent_statements_covered": 0.0, "percent_statements_covered_display": "0"}, "missing_lines": [174, 175, 176, 179, 182, 185, 187], "excluded_lines": []}, "GlobalAttentionPooling.__init__": {"executed_lines": [], "summary": {"covered_lines": 0, "num_statements": 2, "percent_covered": 0.0, "percent_covered_display": "0", "missing_lines": 2, "excluded_lines": 0, "percent_statements_covered": 0.0, "percent_statements_covered_display": "0"}, "missing_lines": [194, 195], "excluded_lines": []}, "GlobalAttentionPooling.forward": {"executed_lines": [], "summary": {"covered_lines": 0, "num_statements": 6, "percent_covered": 0.0, "percent_covered_display": "0", "missing_lines": 6, "excluded_lines": 0, "percent_statements_covered": 0.0, "percent_statements_covered_display": "0"}, "missing_lines": [216, 217, 219, 220, 226, 228], "excluded_lines": []}, "NegativeSpaceGraphAnalyzer.__init__": {"executed_lines": [], "summary": {"covered_lines": 0, "num_statements": 4, "percent_covered": 0.0, "percent_covered_display": "0", "missing_lines": 4, "excluded_lines": 0, "percent_statements_covered": 0.0, "percent_statements_covered_display": "0"}, "missing_lines": [241, 242, 243, 246], "excluded_lines": []}, "NegativeSpaceGraphAnalyzer.analyze_pattern": {"executed_lines": [], "summary": {"covered_lines": 0, "num_statements": 11, "percent_covered": 0.0, "percent_covered_display": "0", "missing_lines": 11, "excluded_lines": 0, "percent_statements_covered": 0.0, "percent_statements_covered_display": "0"}, "missing_lines": [268, 271, 277, 278, 285, 286, 287, 288, 289, 292, 297], "excluded_lines": []}, "NegativeSpaceGraphAnalyzer._build_region_graph": {"executed_lines": [], "summary": {"covered_lines": 0, "num_statements": 15, "percent_covered": 0.0, "percent_covered_display": "0", "missing_lines": 15, "excluded_lines": 0, "percent_statements_covered": 0.0, "percent_statements_covered_display": "0"}, "missing_lines": [312, 315, 316, 317, 324, 329, 330, 331, 332, 333, 334, 335, 338, 342, 344], "excluded_lines": []}, "NegativeSpaceGraphAnalyzer._prepare_graph_data": {"executed_lines": [], "summary": {"covered_lines": 0, "num_statements": 11, "percent_covered": 0.0, "percent_covered_display": "0", "missing_lines": 11, "excluded_lines": 0, "percent_statements_covered": 0.0, "percent_statements_covered_display": "0"}, "missing_lines": [353, 354, 355, 356, 358, 360, 363, 369, 370, 375, 377], "excluded_lines": []}, "NegativeSpaceGraphAnalyzer._compute_centrality": {"executed_lines": [], "summary": {"covered_lines": 0, "num_statements": 1, "percent_covered": 0.0, "percent_covered_display": "0", "missing_lines": 1, "excluded_lines": 0, "percent_statements_covered": 0.0, "percent_statements_covered_display": "0"}, "missing_lines": [384], "excluded_lines": []}, "NegativeSpaceGraphAnalyzer._compute_clustering": {"executed_lines": [], "summary": {"covered_lines": 0, "num_statements": 1, "percent_covered": 0.0, "percent_covered_display": "0", "missing_lines": 1, "excluded_lines": 0, "percent_statements_covered": 0.0, "percent_statements_covered_display": "0"}, "missing_lines": [396], "excluded_lines": []}, "NegativeSpaceGraphAnalyzer._compute_spectral_features": {"executed_lines": [], "summary": {"covered_lines": 0, "num_statements": 5, "percent_covered": 0.0, "percent_covered_display": "0", "missing_lines": 5, "excluded_lines": 0, "percent_statements_covered": 0.0, "percent_statements_covered_display": "0"}, "missing_lines": [401, 404, 405, 408, 410], "excluded_lines": []}, "NegativeSpaceGraphAnalyzer._compute_topological_features": {"executed_lines": [], "summary": {"covered_lines": 0, "num_statements": 1, "percent_covered": 0.0, "percent_covered_display": "0", "missing_lines": 1, "excluded_lines": 0, "percent_statements_covered": 0.0, "percent_statements_covered_display": "0"}, "missing_lines": [417], "excluded_lines": []}, "NegativeSpaceGraphAnalyzer._detect_communities": {"executed_lines": [], "summary": {"covered_lines": 0, "num_statements": 6, "percent_covered": 0.0, "percent_covered_display": "0", "missing_lines": 6, "excluded_lines": 0, "percent_statements_covered": 0.0, "percent_statements_covered_display": "0"}, "missing_lines": [430, 433, 434, 435, 436, 438], "excluded_lines": []}, "": {"executed_lines": [], "summary": {"covered_lines": 0, "num_statements": 37, "percent_covered": 0.0, "percent_covered_display": "0", "missing_lines": 37, "excluded_lines": 0, "percent_statements_covered": 0.0, "percent_statements_covered_display": "0"}, "missing_lines": [10, 11, 12, 13, 14, 15, 16, 17, 18, 21, 22, 24, 25, 26, 27, 28, 29, 30, 33, 36, 68, 126, 129, 152, 190, 193, 201, 231, 234, 252, 307, 346, 379, 394, 398, 412, 428], "excluded_lines": []}}, "classes": {"GraphFeatures": {"executed_lines": [], "summary": {"covered_lines": 0, "num_statements": 0, "percent_covered": 100.0, "percent_covered_display": "100", "missing_lines": 0, "excluded_lines": 0, "percent_statements_covered": 100.0, "percent_statements_covered_display": "100"}, "missing_lines": [], "excluded_lines": []}, "GraphConvLayer": {"executed_lines": [], "summary": {"covered_lines": 0, "num_statements": 28, "percent_covered": 0.0, "percent_covered_display": "0", "missing_lines": 28, "excluded_lines": 0, "percent_statements_covered": 0.0, "percent_statements_covered_display": "0"}, "missing_lines": [43, 44, 45, 46, 47, 50, 51, 52, 55, 62, 85, 88, 89, 90, 93, 96, 97, 98, 99, 101, 104, 105, 106, 109, 112, 120, 121, 123], "excluded_lines": []}, "GraphNN": {"executed_lines": [], "summary": {"covered_lines": 0, "num_statements": 12, "percent_covered": 0.0, "percent_covered_display": "0", "missing_lines": 12, "excluded_lines": 0, "percent_statements_covered": 0.0, "percent_statements_covered_display": "0"}, "missing_lines": [136, 138, 148, 149, 150, 174, 175, 176, 179, 182, 185, 187], "excluded_lines": []}, "GlobalAttentionPooling": {"executed_lines": [], "summary": {"covered_lines": 0, "num_statements": 8, "percent_covered": 0.0, "percent_covered_display": "0", "missing_lines": 8, "excluded_lines": 0, "percent_statements_covered": 0.0, "percent_statements_covered_display": "0"}, "missing_lines": [194, 195, 216, 217, 219, 220, 226, 228], "excluded_lines": []}, "NegativeSpaceGraphAnalyzer": {"executed_lines": [], "summary": {"covered_lines": 0, "num_statements": 55, "percent_covered": 0.0, "percent_covered_display": "0", "missing_lines": 55, "excluded_lines": 0, "percent_statements_covered": 0.0, "percent_statements_covered_display": "0"}, "missing_lines": [241, 242, 243, 246, 268, 271, 277, 278, 285, 286, 287, 288, 289, 292, 297, 312, 315, 316, 317, 324, 329, 330, 331, 332, 333, 334, 335, 338, 342, 344, 353, 354, 355, 356, 358, 360, 363, 369, 370, 375, 377, 384, 396, 401, 404, 405, 408, 410, 417, 430, 433, 434, 435, 436, 438], "excluded_lines": []}, "": {"executed_lines": [], "summary": {"covered_lines": 0, "num_statements": 37, "percent_covered": 0.0, "percent_covered_display": "0", "missing_lines": 37, "excluded_lines": 0, "percent_statements_covered": 0.0, "percent_statements_covered_display": "0"}, "missing_lines": [10, 11, 12, 13, 14, 15, 16, 17, 18, 21, 22, 24, 25, 26, 27, 28, 29, 30, 33, 36, 68, 126, 129, 152, 190, 193, 201, 231, 234, 252, 307, 346, 379, 394, 398, 412, 428], "excluded_lines": []}}}, "negative_space_analysis/holographic_visualizer.py": {"executed_lines": [], "summary": {"covered_lines": 0, "num_statements": 0, "percent_covered": 100.0, "percent_covered_display": "100", "missing_lines": 0, "excluded_lines": 0, "percent_statements_covered": 100.0, "percent_statements_covered_display": "100"}, "missing_lines": [], "excluded_lines": [], "functions": {"": {"executed_lines": [], "summary": {"covered_lines": 0, "num_statements": 0, "percent_covered": 100.0, "percent_covered_display": "100", "missing_lines": 0, "excluded_lines": 0, "percent_statements_covered": 100.0, "percent_statements_covered_display": "100"}, "missing_lines": [], "excluded_lines": []}}, "classes": {"": {"executed_lines": [], "summary": {"covered_lines": 0, "num_statements": 0, "percent_covered": 100.0, "percent_covered_display": "100", "missing_lines": 0, "excluded_lines": 0, "percent_statements_covered": 100.0, "percent_statements_covered_display": "100"}, "missing_lines": [], "excluded_lines": []}}}, "negative_space_analysis/integration_demo.py": {"executed_lines": [], "summary": {"covered_lines": 0, "num_statements": 0, "percent_covered": 100.0, "percent_covered_display": "100", "missing_lines": 0, "excluded_lines": 0, "percent_statements_covered": 100.0, "percent_statements_covered_display": "100"}, "missing_lines": [], "excluded_lines": [], "functions": {"": {"executed_lines": [], "summary": {"covered_lines": 0, "num_statements": 0, "percent_covered": 100.0, "percent_covered_display": "100", "missing_lines": 0, "excluded_lines": 0, "percent_statements_covered": 100.0, "percent_statements_covered_display": "100"}, "missing_lines": [], "excluded_lines": []}}, "classes": {"": {"executed_lines": [], "summary": {"covered_lines": 0, "num_statements": 0, "percent_covered": 100.0, "percent_covered_display": "100", "missing_lines": 0, "excluded_lines": 0, "percent_statements_covered": 100.0, "percent_statements_covered_display": "100"}, "missing_lines": [], "excluded_lines": []}}}, "negative_space_analysis/interactive_system.py": {"executed_lines": [], "summary": {"covered_lines": 0, "num_statements": 161, "percent_covered": 0.0, "percent_covered_display": "0", "missing_lines": 161, "excluded_lines": 0, "percent_statements_covered": 0.0, "percent_statements_covered_display": "0"}, "missing_lines": [10, 11, 12, 13, 14, 15, 16, 19, 21, 22, 23, 24, 25, 26, 29, 30, 32, 33, 34, 35, 36, 39, 40, 42, 43, 44, 45, 46, 49, 52, 58, 60, 61, 64, 70, 78, 85, 91, 109, 110, 111, 114, 119, 122, 125, 131, 133, 134, 137, 143, 151, 158, 165, 171, 186, 188, 191, 196, 201, 206, 213, 216, 221, 224, 225, 227, 230, 233, 238, 243, 248, 249, 250, 252, 270, 273, 280, 282, 284, 299, 300, 303, 308, 309, 314, 315, 318, 319, 321, 323, 324, 327, 328, 333, 334, 336, 349, 351, 353, 360, 362, 363, 364, 366, 367, 368, 370, 372, 374, 375, 376, 379, 380, 381, 382, 383, 385, 386, 387, 389, 391, 392, 393, 395, 396, 401, 406, 408, 409, 411, 413, 420, 421, 422, 423, 426, 427, 428, 434, 435, 436, 437, 438, 440, 446, 447, 448, 449, 450, 451, 452, 453, 455, 457, 458, 460, 461, 467, 468, 470, 471], "excluded_lines": [], "functions": {"FeedbackEncoder.__init__": {"executed_lines": [], "summary": {"covered_lines": 0, "num_statements": 7, "percent_covered": 0.0, "percent_covered_display": "0", "missing_lines": 7, "excluded_lines": 0, "percent_statements_covered": 0.0, "percent_statements_covered_display": "0"}, "missing_lines": [58, 60, 61, 64, 70, 78, 85], "excluded_lines": []}, "FeedbackEncoder.forward": {"executed_lines": [], "summary": {"covered_lines": 0, "num_statements": 5, "percent_covered": 0.0, "percent_covered_display": "0", "missing_lines": 5, "excluded_lines": 0, "percent_statements_covered": 0.0, "percent_statements_covered_display": "0"}, "missing_lines": [109, 110, 111, 114, 119], "excluded_lines": []}, "RefinementNetwork.__init__": {"executed_lines": [], "summary": {"covered_lines": 0, "num_statements": 8, "percent_covered": 0.0, "percent_covered_display": "0", "missing_lines": 8, "excluded_lines": 0, "percent_statements_covered": 0.0, "percent_statements_covered_display": "0"}, "missing_lines": [131, 133, 134, 137, 143, 151, 158, 165], "excluded_lines": []}, "RefinementNetwork.forward": {"executed_lines": [], "summary": {"covered_lines": 0, "num_statements": 12, "percent_covered": 0.0, "percent_covered_display": "0", "missing_lines": 12, "excluded_lines": 0, "percent_statements_covered": 0.0, "percent_statements_covered_display": "0"}, "missing_lines": [186, 188, 191, 196, 201, 206, 213, 216, 221, 224, 225, 227], "excluded_lines": []}, "InteractiveRefinement.__init__": {"executed_lines": [], "summary": {"covered_lines": 0, "num_statements": 5, "percent_covered": 0.0, "percent_covered_display": "0", "missing_lines": 5, "excluded_lines": 0, "percent_statements_covered": 0.0, "percent_statements_covered_display": "0"}, "missing_lines": [238, 243, 248, 249, 250], "excluded_lines": []}, "InteractiveRefinement.add_feedback": {"executed_lines": [], "summary": {"covered_lines": 0, "num_statements": 4, "percent_covered": 0.0, "percent_covered_display": "0", "missing_lines": 4, "excluded_lines": 0, "percent_statements_covered": 0.0, "percent_statements_covered_display": "0"}, "missing_lines": [270, 273, 280, 282], "excluded_lines": []}, "InteractiveRefinement.get_suggestions": {"executed_lines": [], "summary": {"covered_lines": 0, "num_statements": 19, "percent_covered": 0.0, "percent_covered_display": "0", "missing_lines": 19, "excluded_lines": 0, "percent_statements_covered": 0.0, "percent_statements_covered_display": "0"}, "missing_lines": [299, 300, 303, 308, 309, 314, 315, 318, 319, 321, 323, 324, 327, 328, 333, 334, 336, 349, 351], "excluded_lines": []}, "InteractiveRefinement._apply_feedback": {"executed_lines": [], "summary": {"covered_lines": 0, "num_statements": 31, "percent_covered": 0.0, "percent_covered_display": "0", "missing_lines": 31, "excluded_lines": 0, "percent_statements_covered": 0.0, "percent_statements_covered_display": "0"}, "missing_lines": [360, 362, 363, 364, 366, 367, 368, 370, 372, 374, 375, 376, 379, 380, 381, 382, 383, 385, 386, 387, 389, 391, 392, 393, 395, 396, 401, 406, 408, 409, 411], "excluded_lines": []}, "InteractiveRefinement._update_states": {"executed_lines": [], "summary": {"covered_lines": 0, "num_statements": 12, "percent_covered": 0.0, "percent_covered_display": "0", "missing_lines": 12, "excluded_lines": 0, "percent_statements_covered": 0.0, "percent_statements_covered_display": "0"}, "missing_lines": [420, 421, 422, 423, 426, 427, 428, 434, 435, 436, 437, 438], "excluded_lines": []}, "InteractiveRefinement._get_suggestion_description": {"executed_lines": [], "summary": {"covered_lines": 0, "num_statements": 9, "percent_covered": 0.0, "percent_covered_display": "0", "missing_lines": 9, "excluded_lines": 0, "percent_statements_covered": 0.0, "percent_statements_covered_display": "0"}, "missing_lines": [446, 447, 448, 449, 450, 451, 452, 453, 455], "excluded_lines": []}, "InteractiveRefinement._dilate_mask": {"executed_lines": [], "summary": {"covered_lines": 0, "num_statements": 2, "percent_covered": 0.0, "percent_covered_display": "0", "missing_lines": 2, "excluded_lines": 0, "percent_statements_covered": 0.0, "percent_statements_covered_display": "0"}, "missing_lines": [460, 461], "excluded_lines": []}, "InteractiveRefinement._erode_mask": {"executed_lines": [], "summary": {"covered_lines": 0, "num_statements": 2, "percent_covered": 0.0, "percent_covered_display": "0", "missing_lines": 2, "excluded_lines": 0, "percent_statements_covered": 0.0, "percent_statements_covered_display": "0"}, "missing_lines": [470, 471], "excluded_lines": []}, "": {"executed_lines": [], "summary": {"covered_lines": 0, "num_statements": 45, "percent_covered": 0.0, "percent_covered_display": "0", "missing_lines": 45, "excluded_lines": 0, "percent_statements_covered": 0.0, "percent_statements_covered_display": "0"}, "missing_lines": [10, 11, 12, 13, 14, 15, 16, 19, 21, 22, 23, 24, 25, 26, 29, 30, 32, 33, 34, 35, 36, 39, 40, 42, 43, 44, 45, 46, 49, 52, 91, 122, 125, 171, 230, 233, 252, 284, 353, 413, 440, 457, 458, 467, 468], "excluded_lines": []}}, "classes": {"FeedbackType": {"executed_lines": [], "summary": {"covered_lines": 0, "num_statements": 0, "percent_covered": 100.0, "percent_covered_display": "100", "missing_lines": 0, "excluded_lines": 0, "percent_statements_covered": 100.0, "percent_statements_covered_display": "100"}, "missing_lines": [], "excluded_lines": []}, "UserFeedback": {"executed_lines": [], "summary": {"covered_lines": 0, "num_statements": 0, "percent_covered": 100.0, "percent_covered_display": "100", "missing_lines": 0, "excluded_lines": 0, "percent_statements_covered": 100.0, "percent_statements_covered_display": "100"}, "missing_lines": [], "excluded_lines": []}, "RefinementSuggestion": {"executed_lines": [], "summary": {"covered_lines": 0, "num_statements": 0, "percent_covered": 100.0, "percent_covered_display": "100", "missing_lines": 0, "excluded_lines": 0, "percent_statements_covered": 100.0, "percent_statements_covered_display": "100"}, "missing_lines": [], "excluded_lines": []}, "FeedbackEncoder": {"executed_lines": [], "summary": {"covered_lines": 0, "num_statements": 12, "percent_covered": 0.0, "percent_covered_display": "0", "missing_lines": 12, "excluded_lines": 0, "percent_statements_covered": 0.0, "percent_statements_covered_display": "0"}, "missing_lines": [58, 60, 61, 64, 70, 78, 85, 109, 110, 111, 114, 119], "excluded_lines": []}, "RefinementNetwork": {"executed_lines": [], "summary": {"covered_lines": 0, "num_statements": 20, "percent_covered": 0.0, "percent_covered_display": "0", "missing_lines": 20, "excluded_lines": 0, "percent_statements_covered": 0.0, "percent_statements_covered_display": "0"}, "missing_lines": [131, 133, 134, 137, 143, 151, 158, 165, 186, 188, 191, 196, 201, 206, 213, 216, 221, 224, 225, 227], "excluded_lines": []}, "InteractiveRefinement": {"executed_lines": [], "summary": {"covered_lines": 0, "num_statements": 84, "percent_covered": 0.0, "percent_covered_display": "0", "missing_lines": 84, "excluded_lines": 0, "percent_statements_covered": 0.0, "percent_statements_covered_display": "0"}, "missing_lines": [238, 243, 248, 249, 250, 270, 273, 280, 282, 299, 300, 303, 308, 309, 314, 315, 318, 319, 321, 323, 324, 327, 328, 333, 334, 336, 349, 351, 360, 362, 363, 364, 366, 367, 368, 370, 372, 374, 375, 376, 379, 380, 381, 382, 383, 385, 386, 387, 389, 391, 392, 393, 395, 396, 401, 406, 408, 409, 411, 420, 421, 422, 423, 426, 427, 428, 434, 435, 436, 437, 438, 446, 447, 448, 449, 450, 451, 452, 453, 455, 460, 461, 470, 471], "excluded_lines": []}, "": {"executed_lines": [], "summary": {"covered_lines": 0, "num_statements": 45, "percent_covered": 0.0, "percent_covered_display": "0", "missing_lines": 45, "excluded_lines": 0, "percent_statements_covered": 0.0, "percent_statements_covered_display": "0"}, "missing_lines": [10, 11, 12, 13, 14, 15, 16, 19, 21, 22, 23, 24, 25, 26, 29, 30, 32, 33, 34, 35, 36, 39, 40, 42, 43, 44, 45, 46, 49, 52, 91, 122, 125, 171, 230, 233, 252, 284, 353, 413, 440, 457, 458, 467, 468], "excluded_lines": []}}}, "negative_space_analysis/interactive_visualization.py": {"executed_lines": [], "summary": {"covered_lines": 0, "num_statements": 34, "percent_covered": 0.0, "percent_covered_display": "0", "missing_lines": 34, "excluded_lines": 0, "percent_statements_covered": 0.0, "percent_statements_covered_display": "0"}, "missing_lines": [10, 11, 12, 13, 15, 18, 19, 21, 22, 23, 24, 25, 32, 35, 37, 39, 45, 48, 51, 54, 56, 58, 64, 65, 67, 84, 86, 92, 93, 94, 95, 97, 110, 112], "excluded_lines": [], "functions": {"InteractiveVisualizer.__init__": {"executed_lines": [], "summary": {"covered_lines": 0, "num_statements": 1, "percent_covered": 0.0, "percent_covered_display": "0", "missing_lines": 1, "excluded_lines": 0, "percent_statements_covered": 0.0, "percent_statements_covered_display": "0"}, "missing_lines": [37], "excluded_lines": []}, "InteractiveVisualizer.create_view": {"executed_lines": [], "summary": {"covered_lines": 0, "num_statements": 5, "percent_covered": 0.0, "percent_covered_display": "0", "missing_lines": 5, "excluded_lines": 0, "percent_statements_covered": 0.0, "percent_statements_covered_display": "0"}, "missing_lines": [45, 48, 51, 54, 56], "excluded_lines": []}, "InteractiveVisualizer._add_feature_overlays": {"executed_lines": [], "summary": {"covered_lines": 0, "num_statements": 4, "percent_covered": 0.0, "percent_covered_display": "0", "missing_lines": 4, "excluded_lines": 0, "percent_statements_covered": 0.0, "percent_statements_covered_display": "0"}, "missing_lines": [64, 65, 67, 84], "excluded_lines": []}, "InteractiveVisualizer._add_region_boundary": {"executed_lines": [], "summary": {"covered_lines": 0, "num_statements": 5, "percent_covered": 0.0, "percent_covered_display": "0", "missing_lines": 5, "excluded_lines": 0, "percent_statements_covered": 0.0, "percent_statements_covered_display": "0"}, "missing_lines": [92, 93, 94, 95, 97], "excluded_lines": []}, "InteractiveVisualizer._configure_layout": {"executed_lines": [], "summary": {"covered_lines": 0, "num_statements": 1, "percent_covered": 0.0, "percent_covered_display": "0", "missing_lines": 1, "excluded_lines": 0, "percent_statements_covered": 0.0, "percent_statements_covered_display": "0"}, "missing_lines": [112], "excluded_lines": []}, "": {"executed_lines": [], "summary": {"covered_lines": 0, "num_statements": 18, "percent_covered": 0.0, "percent_covered_display": "0", "missing_lines": 18, "excluded_lines": 0, "percent_statements_covered": 0.0, "percent_statements_covered_display": "0"}, "missing_lines": [10, 11, 12, 13, 15, 18, 19, 21, 22, 23, 24, 25, 32, 35, 39, 58, 86, 110], "excluded_lines": []}}, "classes": {"InteractiveConfig": {"executed_lines": [], "summary": {"covered_lines": 0, "num_statements": 0, "percent_covered": 100.0, "percent_covered_display": "100", "missing_lines": 0, "excluded_lines": 0, "percent_statements_covered": 100.0, "percent_statements_covered_display": "100"}, "missing_lines": [], "excluded_lines": []}, "InteractiveVisualizer": {"executed_lines": [], "summary": {"covered_lines": 0, "num_statements": 16, "percent_covered": 0.0, "percent_covered_display": "0", "missing_lines": 16, "excluded_lines": 0, "percent_statements_covered": 0.0, "percent_statements_covered_display": "0"}, "missing_lines": [37, 45, 48, 51, 54, 56, 64, 65, 67, 84, 92, 93, 94, 95, 97, 112], "excluded_lines": []}, "": {"executed_lines": [], "summary": {"covered_lines": 0, "num_statements": 18, "percent_covered": 0.0, "percent_covered_display": "0", "missing_lines": 18, "excluded_lines": 0, "percent_statements_covered": 0.0, "percent_statements_covered_display": "0"}, "missing_lines": [10, 11, 12, 13, 15, 18, 19, 21, 22, 23, 24, 25, 32, 35, 39, 58, 86, 110], "excluded_lines": []}}}, "negative_space_analysis/mindblowing_demo.py": {"executed_lines": [], "summary": {"covered_lines": 0, "num_statements": 0, "percent_covered": 100.0, "percent_covered_display": "100", "missing_lines": 0, "excluded_lines": 0, "percent_statements_covered": 100.0, "percent_statements_covered_display": "100"}, "missing_lines": [], "excluded_lines": [], "functions": {"": {"executed_lines": [], "summary": {"covered_lines": 0, "num_statements": 0, "percent_covered": 100.0, "percent_covered_display": "100", "missing_lines": 0, "excluded_lines": 0, "percent_statements_covered": 100.0, "percent_statements_covered_display": "100"}, "missing_lines": [], "excluded_lines": []}}, "classes": {"": {"executed_lines": [], "summary": {"covered_lines": 0, "num_statements": 0, "percent_covered": 100.0, "percent_covered_display": "100", "missing_lines": 0, "excluded_lines": 0, "percent_statements_covered": 100.0, "percent_statements_covered_display": "100"}, "missing_lines": [], "excluded_lines": []}}}, "negative_space_analysis/multimodal_system.py": {"executed_lines": [], "summary": {"covered_lines": 0, "num_statements": 114, "percent_covered": 0.0, "percent_covered_display": "0", "missing_lines": 114, "excluded_lines": 0, "percent_statements_covered": 0.0, "percent_statements_covered_display": "0"}, "missing_lines": [10, 11, 12, 13, 14, 15, 16, 17, 20, 22, 23, 24, 25, 26, 27, 30, 31, 33, 34, 35, 36, 39, 40, 42, 43, 44, 45, 48, 51, 58, 60, 61, 64, 65, 70, 71, 76, 77, 83, 90, 105, 112, 119, 134, 137, 140, 143, 144, 146, 149, 152, 159, 161, 162, 163, 166, 176, 183, 189, 196, 198, 199, 200, 201, 202, 203, 205, 207, 220, 221, 224, 225, 226, 227, 230, 232, 240, 246, 253, 257, 260, 266, 268, 276, 279, 285, 286, 291, 296, 312, 313, 315, 316, 319, 322, 323, 324, 325, 327, 330, 331, 333, 335, 341, 343, 344, 346, 347, 349, 350, 351, 352, 353, 356], "excluded_lines": [], "functions": {"ModalityEncoder.__init__": {"executed_lines": [], "summary": {"covered_lines": 0, "num_statements": 13, "percent_covered": 0.0, "percent_covered_display": "0", "missing_lines": 13, "excluded_lines": 0, "percent_statements_covered": 0.0, "percent_statements_covered_display": "0"}, "missing_lines": [58, 60, 61, 64, 65, 70, 71, 76, 77, 83, 90, 105, 112], "excluded_lines": []}, "ModalityEncoder.forward": {"executed_lines": [], "summary": {"covered_lines": 0, "num_statements": 6, "percent_covered": 0.0, "percent_covered_display": "0", "missing_lines": 6, "excluded_lines": 0, "percent_statements_covered": 0.0, "percent_statements_covered_display": "0"}, "missing_lines": [134, 137, 140, 143, 144, 146], "excluded_lines": []}, "MultiModalFusion.__init__": {"executed_lines": [], "summary": {"covered_lines": 0, "num_statements": 8, "percent_covered": 0.0, "percent_covered_display": "0", "missing_lines": 8, "excluded_lines": 0, "percent_statements_covered": 0.0, "percent_statements_covered_display": "0"}, "missing_lines": [159, 161, 162, 163, 166, 176, 183, 189], "excluded_lines": []}, "MultiModalFusion._get_input_channels": {"executed_lines": [], "summary": {"covered_lines": 0, "num_statements": 7, "percent_covered": 0.0, "percent_covered_display": "0", "missing_lines": 7, "excluded_lines": 0, "percent_statements_covered": 0.0, "percent_statements_covered_display": "0"}, "missing_lines": [198, 199, 200, 201, 202, 203, 205], "excluded_lines": []}, "MultiModalFusion.forward": {"executed_lines": [], "summary": {"covered_lines": 0, "num_statements": 15, "percent_covered": 0.0, "percent_covered_display": "0", "missing_lines": 15, "excluded_lines": 0, "percent_statements_covered": 0.0, "percent_statements_covered_display": "0"}, "missing_lines": [220, 221, 224, 225, 226, 227, 230, 232, 240, 246, 253, 257, 260, 266, 268], "excluded_lines": []}, "MultiModalAnalyzer.__init__": {"executed_lines": [], "summary": {"covered_lines": 0, "num_statements": 3, "percent_covered": 0.0, "percent_covered_display": "0", "missing_lines": 3, "excluded_lines": 0, "percent_statements_covered": 0.0, "percent_statements_covered_display": "0"}, "missing_lines": [285, 286, 291], "excluded_lines": []}, "MultiModalAnalyzer.analyze": {"executed_lines": [], "summary": {"covered_lines": 0, "num_statements": 13, "percent_covered": 0.0, "percent_covered_display": "0", "missing_lines": 13, "excluded_lines": 0, "percent_statements_covered": 0.0, "percent_statements_covered_display": "0"}, "missing_lines": [312, 313, 315, 316, 319, 322, 323, 324, 325, 327, 330, 331, 333], "excluded_lines": []}, "MultiModalAnalyzer._normalize_input": {"executed_lines": [], "summary": {"covered_lines": 0, "num_statements": 11, "percent_covered": 0.0, "percent_covered_display": "0", "missing_lines": 11, "excluded_lines": 0, "percent_statements_covered": 0.0, "percent_statements_covered_display": "0"}, "missing_lines": [341, 343, 344, 346, 347, 349, 350, 351, 352, 353, 356], "excluded_lines": []}, "": {"executed_lines": [], "summary": {"covered_lines": 0, "num_statements": 38, "percent_covered": 0.0, "percent_covered_display": "0", "missing_lines": 38, "excluded_lines": 0, "percent_statements_covered": 0.0, "percent_statements_covered_display": "0"}, "missing_lines": [10, 11, 12, 13, 14, 15, 16, 17, 20, 22, 23, 24, 25, 26, 27, 30, 31, 33, 34, 35, 36, 39, 40, 42, 43, 44, 45, 48, 51, 119, 149, 152, 196, 207, 276, 279, 296, 335], "excluded_lines": []}}, "classes": {"ModalityType": {"executed_lines": [], "summary": {"covered_lines": 0, "num_statements": 0, "percent_covered": 100.0, "percent_covered_display": "100", "missing_lines": 0, "excluded_lines": 0, "percent_statements_covered": 100.0, "percent_statements_covered_display": "100"}, "missing_lines": [], "excluded_lines": []}, "ModalityFeatures": {"executed_lines": [], "summary": {"covered_lines": 0, "num_statements": 0, "percent_covered": 100.0, "percent_covered_display": "100", "missing_lines": 0, "excluded_lines": 0, "percent_statements_covered": 100.0, "percent_statements_covered_display": "100"}, "missing_lines": [], "excluded_lines": []}, "MultiModalFeatures": {"executed_lines": [], "summary": {"covered_lines": 0, "num_statements": 0, "percent_covered": 100.0, "percent_covered_display": "100", "missing_lines": 0, "excluded_lines": 0, "percent_statements_covered": 100.0, "percent_statements_covered_display": "100"}, "missing_lines": [], "excluded_lines": []}, "ModalityEncoder": {"executed_lines": [], "summary": {"covered_lines": 0, "num_statements": 19, "percent_covered": 0.0, "percent_covered_display": "0", "missing_lines": 19, "excluded_lines": 0, "percent_statements_covered": 0.0, "percent_statements_covered_display": "0"}, "missing_lines": [58, 60, 61, 64, 65, 70, 71, 76, 77, 83, 90, 105, 112, 134, 137, 140, 143, 144, 146], "excluded_lines": []}, "MultiModalFusion": {"executed_lines": [], "summary": {"covered_lines": 0, "num_statements": 30, "percent_covered": 0.0, "percent_covered_display": "0", "missing_lines": 30, "excluded_lines": 0, "percent_statements_covered": 0.0, "percent_statements_covered_display": "0"}, "missing_lines": [159, 161, 162, 163, 166, 176, 183, 189, 198, 199, 200, 201, 202, 203, 205, 220, 221, 224, 225, 226, 227, 230, 232, 240, 246, 253, 257, 260, 266, 268], "excluded_lines": []}, "MultiModalAnalyzer": {"executed_lines": [], "summary": {"covered_lines": 0, "num_statements": 27, "percent_covered": 0.0, "percent_covered_display": "0", "missing_lines": 27, "excluded_lines": 0, "percent_statements_covered": 0.0, "percent_statements_covered_display": "0"}, "missing_lines": [285, 286, 291, 312, 313, 315, 316, 319, 322, 323, 324, 325, 327, 330, 331, 333, 341, 343, 344, 346, 347, 349, 350, 351, 352, 353, 356], "excluded_lines": []}, "": {"executed_lines": [], "summary": {"covered_lines": 0, "num_statements": 38, "percent_covered": 0.0, "percent_covered_display": "0", "missing_lines": 38, "excluded_lines": 0, "percent_statements_covered": 0.0, "percent_statements_covered_display": "0"}, "missing_lines": [10, 11, 12, 13, 14, 15, 16, 17, 20, 22, 23, 24, 25, 26, 27, 30, 31, 33, 34, 35, 36, 39, 40, 42, 43, 44, 45, 48, 51, 119, 149, 152, 196, 207, 276, 279, 296, 335], "excluded_lines": []}}}, "negative_space_analysis/negative_space_algorithm.py": {"executed_lines": [], "summary": {"covered_lines": 0, "num_statements": 148, "percent_covered": 0.0, "percent_covered_display": "0", "missing_lines": 148, "excluded_lines": 0, "percent_statements_covered": 0.0, "percent_statements_covered_display": "0"}, "missing_lines": [18, 19, 20, 21, 22, 23, 24, 25, 27, 31, 32, 33, 34, 35, 36, 37, 43, 44, 46, 47, 48, 49, 50, 51, 52, 53, 54, 55, 58, 61, 69, 70, 71, 72, 75, 76, 77, 81, 85, 89, 93, 99, 101, 103, 104, 105, 106, 108, 125, 126, 127, 130, 133, 136, 139, 140, 143, 144, 146, 147, 150, 153, 154, 155, 157, 158, 161, 163, 164, 167, 168, 169, 171, 177, 183, 184, 185, 187, 189, 192, 193, 196, 199, 200, 203, 210, 212, 214, 230, 242, 247, 249, 265, 271, 277, 284, 285, 290, 293, 294, 295, 296, 298, 302, 303, 306, 307, 308, 309, 312, 315, 317, 318, 319, 325, 326, 327, 332, 337, 348, 360, 362, 363, 364, 365, 366, 367, 368, 369, 370, 372, 378, 380, 381, 382, 384, 396, 407, 408, 411, 421, 423, 424, 425, 428, 433, 438, 440], "excluded_lines": [], "functions": {"NegativeSpaceAnalyzer.__init__": {"executed_lines": [], "summary": {"covered_lines": 0, "num_statements": 12, "percent_covered": 0.0, "percent_covered_display": "0", "missing_lines": 12, "excluded_lines": 0, "percent_statements_covered": 0.0, "percent_statements_covered_display": "0"}, "missing_lines": [69, 70, 71, 72, 75, 76, 77, 81, 85, 89, 93, 99], "excluded_lines": []}, "NegativeSpaceAnalyzer._load_model": {"executed_lines": [], "summary": {"covered_lines": 0, "num_statements": 4, "percent_covered": 0.0, "percent_covered_display": "0", "missing_lines": 4, "excluded_lines": 0, "percent_statements_covered": 0.0, "percent_statements_covered_display": "0"}, "missing_lines": [103, 104, 105, 106], "excluded_lines": []}, "NegativeSpaceAnalyzer._detect_negative_spaces": {"executed_lines": [], "summary": {"covered_lines": 0, "num_statements": 30, "percent_covered": 0.0, "percent_covered_display": "0", "missing_lines": 30, "excluded_lines": 0, "percent_statements_covered": 0.0, "percent_statements_covered_display": "0"}, "missing_lines": [125, 126, 127, 130, 133, 136, 139, 140, 143, 144, 146, 147, 150, 153, 154, 155, 157, 158, 161, 163, 164, 167, 168, 169, 171, 177, 183, 184, 185, 187], "excluded_lines": []}, "NegativeSpaceAnalyzer._preprocess_image": {"executed_lines": [], "summary": {"covered_lines": 0, "num_statements": 8, "percent_covered": 0.0, "percent_covered_display": "0", "missing_lines": 8, "excluded_lines": 0, "percent_statements_covered": 0.0, "percent_statements_covered_display": "0"}, "missing_lines": [192, 193, 196, 199, 200, 203, 210, 212], "excluded_lines": []}, "NegativeSpaceAnalyzer._analyze_graph_patterns": {"executed_lines": [], "summary": {"covered_lines": 0, "num_statements": 3, "percent_covered": 0.0, "percent_covered_display": "0", "missing_lines": 3, "excluded_lines": 0, "percent_statements_covered": 0.0, "percent_statements_covered_display": "0"}, "missing_lines": [230, 242, 247], "excluded_lines": []}, "NegativeSpaceAnalyzer._extract_features": {"executed_lines": [], "summary": {"covered_lines": 0, "num_statements": 28, "percent_covered": 0.0, "percent_covered_display": "0", "missing_lines": 28, "excluded_lines": 0, "percent_statements_covered": 0.0, "percent_statements_covered_display": "0"}, "missing_lines": [265, 271, 277, 284, 285, 290, 293, 294, 295, 296, 298, 302, 303, 306, 307, 308, 309, 312, 315, 317, 318, 319, 325, 326, 327, 332, 337, 348], "excluded_lines": []}, "NegativeSpaceAnalyzer._find_endpoints": {"executed_lines": [], "summary": {"covered_lines": 0, "num_statements": 9, "percent_covered": 0.0, "percent_covered_display": "0", "missing_lines": 9, "excluded_lines": 0, "percent_statements_covered": 0.0, "percent_statements_covered_display": "0"}, "missing_lines": [362, 363, 364, 365, 366, 367, 368, 369, 370], "excluded_lines": []}, "NegativeSpaceAnalyzer._prepare_pattern_tensor": {"executed_lines": [], "summary": {"covered_lines": 0, "num_statements": 4, "percent_covered": 0.0, "percent_covered_display": "0", "missing_lines": 4, "excluded_lines": 0, "percent_statements_covered": 0.0, "percent_statements_covered_display": "0"}, "missing_lines": [378, 380, 381, 382], "excluded_lines": []}, "NegativeSpaceAnalyzer._calculate_confidence": {"executed_lines": [], "summary": {"covered_lines": 0, "num_statements": 12, "percent_covered": 0.0, "percent_covered_display": "0", "missing_lines": 12, "excluded_lines": 0, "percent_statements_covered": 0.0, "percent_statements_covered_display": "0"}, "missing_lines": [396, 407, 408, 411, 421, 423, 424, 425, 428, 433, 438, 440], "excluded_lines": []}, "": {"executed_lines": [], "summary": {"covered_lines": 0, "num_statements": 38, "percent_covered": 0.0, "percent_covered_display": "0", "missing_lines": 38, "excluded_lines": 0, "percent_statements_covered": 0.0, "percent_statements_covered_display": "0"}, "missing_lines": [18, 19, 20, 21, 22, 23, 24, 25, 27, 31, 32, 33, 34, 35, 36, 37, 43, 44, 46, 47, 48, 49, 50, 51, 52, 53, 54, 55, 58, 61, 101, 108, 189, 214, 249, 360, 372, 384], "excluded_lines": []}}, "classes": {"NegativeSpaceFeatures": {"executed_lines": [], "summary": {"covered_lines": 0, "num_statements": 0, "percent_covered": 100.0, "percent_covered_display": "100", "missing_lines": 0, "excluded_lines": 0, "percent_statements_covered": 100.0, "percent_statements_covered_display": "100"}, "missing_lines": [], "excluded_lines": []}, "NegativeSpaceAnalyzer": {"executed_lines": [], "summary": {"covered_lines": 0, "num_statements": 110, "percent_covered": 0.0, "percent_covered_display": "0", "missing_lines": 110, "excluded_lines": 0, "percent_statements_covered": 0.0, "percent_statements_covered_display": "0"}, "missing_lines": [69, 70, 71, 72, 75, 76, 77, 81, 85, 89, 93, 99, 103, 104, 105, 106, 125, 126, 127, 130, 133, 136, 139, 140, 143, 144, 146, 147, 150, 153, 154, 155, 157, 158, 161, 163, 164, 167, 168, 169, 171, 177, 183, 184, 185, 187, 192, 193, 196, 199, 200, 203, 210, 212, 230, 242, 247, 265, 271, 277, 284, 285, 290, 293, 294, 295, 296, 298, 302, 303, 306, 307, 308, 309, 312, 315, 317, 318, 319, 325, 326, 327, 332, 337, 348, 362, 363, 364, 365, 366, 367, 368, 369, 370, 378, 380, 381, 382, 396, 407, 408, 411, 421, 423, 424, 425, 428, 433, 438, 440], "excluded_lines": []}, "": {"executed_lines": [], "summary": {"covered_lines": 0, "num_statements": 38, "percent_covered": 0.0, "percent_covered_display": "0", "missing_lines": 38, "excluded_lines": 0, "percent_statements_covered": 0.0, "percent_statements_covered_display": "0"}, "missing_lines": [18, 19, 20, 21, 22, 23, 24, 25, 27, 31, 32, 33, 34, 35, 36, 37, 43, 44, 46, 47, 48, 49, 50, 51, 52, 53, 54, 55, 58, 61, 101, 108, 189, 214, 249, 360, 372, 384], "excluded_lines": []}}}, "negative_space_analysis/pattern_recognition.py": {"executed_lines": [], "summary": {"covered_lines": 0, "num_statements": 81, "percent_covered": 0.0, "percent_covered_display": "0", "missing_lines": 81, "excluded_lines": 0, "percent_statements_covered": 0.0, "percent_statements_covered_display": "0"}, "missing_lines": [9, 10, 11, 12, 13, 16, 17, 19, 20, 21, 22, 25, 28, 34, 35, 36, 38, 45, 55, 62, 66, 69, 70, 72, 75, 76, 78, 79, 82, 84, 85, 87, 90, 93, 100, 103, 110, 111, 113, 114, 116, 117, 120, 121, 124, 132, 140, 147, 150, 151, 160, 161, 165, 167, 172, 175, 176, 179, 180, 183, 184, 187, 188, 191, 192, 195, 204, 212, 215, 221, 223, 231, 233, 240, 243, 258, 260, 261, 264, 265, 267], "excluded_lines": [], "functions": {"SelfAttention.__init__": {"executed_lines": [], "summary": {"covered_lines": 0, "num_statements": 6, "percent_covered": 0.0, "percent_covered_display": "0", "missing_lines": 6, "excluded_lines": 0, "percent_statements_covered": 0.0, "percent_statements_covered_display": "0"}, "missing_lines": [34, 35, 36, 38, 45, 55], "excluded_lines": []}, "SelfAttention.forward": {"executed_lines": [], "summary": {"covered_lines": 0, "num_statements": 12, "percent_covered": 0.0, "percent_covered_display": "0", "missing_lines": 12, "excluded_lines": 0, "percent_statements_covered": 0.0, "percent_statements_covered_display": "0"}, "missing_lines": [66, 69, 70, 72, 75, 76, 78, 79, 82, 84, 85, 87], "excluded_lines": []}, "NegativeSpacePatternNet.__init__": {"executed_lines": [], "summary": {"covered_lines": 0, "num_statements": 12, "percent_covered": 0.0, "percent_covered_display": "0", "missing_lines": 12, "excluded_lines": 0, "percent_statements_covered": 0.0, "percent_statements_covered_display": "0"}, "missing_lines": [100, 103, 110, 111, 113, 114, 116, 117, 120, 121, 124, 132], "excluded_lines": []}, "NegativeSpacePatternNet._make_layer": {"executed_lines": [], "summary": {"covered_lines": 0, "num_statements": 6, "percent_covered": 0.0, "percent_covered_display": "0", "missing_lines": 6, "excluded_lines": 0, "percent_statements_covered": 0.0, "percent_statements_covered_display": "0"}, "missing_lines": [147, 150, 151, 160, 161, 165], "excluded_lines": []}, "NegativeSpacePatternNet.forward": {"executed_lines": [], "summary": {"covered_lines": 0, "num_statements": 13, "percent_covered": 0.0, "percent_covered_display": "0", "missing_lines": 13, "excluded_lines": 0, "percent_statements_covered": 0.0, "percent_statements_covered_display": "0"}, "missing_lines": [172, 175, 176, 179, 180, 183, 184, 187, 188, 191, 192, 195, 204], "excluded_lines": []}, "ResidualBlock.__init__": {"executed_lines": [], "summary": {"covered_lines": 0, "num_statements": 6, "percent_covered": 0.0, "percent_covered_display": "0", "missing_lines": 6, "excluded_lines": 0, "percent_statements_covered": 0.0, "percent_statements_covered_display": "0"}, "missing_lines": [221, 223, 231, 233, 240, 243], "excluded_lines": []}, "ResidualBlock.forward": {"executed_lines": [], "summary": {"covered_lines": 0, "num_statements": 5, "percent_covered": 0.0, "percent_covered_display": "0", "missing_lines": 5, "excluded_lines": 0, "percent_statements_covered": 0.0, "percent_statements_covered_display": "0"}, "missing_lines": [260, 261, 264, 265, 267], "excluded_lines": []}, "": {"executed_lines": [], "summary": {"covered_lines": 0, "num_statements": 21, "percent_covered": 0.0, "percent_covered_display": "0", "missing_lines": 21, "excluded_lines": 0, "percent_statements_covered": 0.0, "percent_statements_covered_display": "0"}, "missing_lines": [9, 10, 11, 12, 13, 16, 17, 19, 20, 21, 22, 25, 28, 62, 90, 93, 140, 167, 212, 215, 258], "excluded_lines": []}}, "classes": {"PatternRecognitionResult": {"executed_lines": [], "summary": {"covered_lines": 0, "num_statements": 0, "percent_covered": 100.0, "percent_covered_display": "100", "missing_lines": 0, "excluded_lines": 0, "percent_statements_covered": 100.0, "percent_statements_covered_display": "100"}, "missing_lines": [], "excluded_lines": []}, "SelfAttention": {"executed_lines": [], "summary": {"covered_lines": 0, "num_statements": 18, "percent_covered": 0.0, "percent_covered_display": "0", "missing_lines": 18, "excluded_lines": 0, "percent_statements_covered": 0.0, "percent_statements_covered_display": "0"}, "missing_lines": [34, 35, 36, 38, 45, 55, 66, 69, 70, 72, 75, 76, 78, 79, 82, 84, 85, 87], "excluded_lines": []}, "NegativeSpacePatternNet": {"executed_lines": [], "summary": {"covered_lines": 0, "num_statements": 31, "percent_covered": 0.0, "percent_covered_display": "0", "missing_lines": 31, "excluded_lines": 0, "percent_statements_covered": 0.0, "percent_statements_covered_display": "0"}, "missing_lines": [100, 103, 110, 111, 113, 114, 116, 117, 120, 121, 124, 132, 147, 150, 151, 160, 161, 165, 172, 175, 176, 179, 180, 183, 184, 187, 188, 191, 192, 195, 204], "excluded_lines": []}, "ResidualBlock": {"executed_lines": [], "summary": {"covered_lines": 0, "num_statements": 11, "percent_covered": 0.0, "percent_covered_display": "0", "missing_lines": 11, "excluded_lines": 0, "percent_statements_covered": 0.0, "percent_statements_covered_display": "0"}, "missing_lines": [221, 223, 231, 233, 240, 243, 260, 261, 264, 265, 267], "excluded_lines": []}, "": {"executed_lines": [], "summary": {"covered_lines": 0, "num_statements": 21, "percent_covered": 0.0, "percent_covered_display": "0", "missing_lines": 21, "excluded_lines": 0, "percent_statements_covered": 0.0, "percent_statements_covered_display": "0"}, "missing_lines": [9, 10, 11, 12, 13, 16, 17, 19, 20, 21, 22, 25, 28, 62, 90, 93, 140, 167, 212, 215, 258], "excluded_lines": []}}}, "negative_space_analysis/pipeline.py": {"executed_lines": [], "summary": {"covered_lines": 0, "num_statements": 131, "percent_covered": 0.0, "percent_covered_display": "0", "missing_lines": 131, "excluded_lines": 0, "percent_statements_covered": 0.0, "percent_statements_covered_display": "0"}, "missing_lines": [10, 11, 12, 13, 14, 15, 16, 17, 19, 24, 29, 34, 41, 42, 44, 45, 46, 47, 48, 49, 50, 51, 54, 55, 57, 58, 59, 60, 61, 62, 63, 66, 69, 70, 71, 76, 80, 83, 88, 93, 94, 99, 101, 102, 107, 110, 111, 113, 134, 135, 137, 139, 140, 144, 145, 146, 149, 150, 153, 154, 157, 162, 163, 169, 170, 171, 172, 178, 179, 180, 181, 187, 193, 203, 204, 207, 218, 220, 226, 228, 230, 231, 232, 234, 247, 248, 249, 251, 253, 254, 255, 257, 260, 270, 275, 276, 277, 279, 284, 285, 286, 288, 297, 299, 300, 301, 302, 303, 304, 307, 309, 316, 319, 325, 326, 327, 333, 334, 335, 341, 346, 356, 357, 364, 365, 366, 367, 368, 369, 370, 371], "excluded_lines": [], "functions": {"NegativeSpaceAnalyzer.__init__": {"executed_lines": [], "summary": {"covered_lines": 0, "num_statements": 14, "percent_covered": 0.0, "percent_covered_display": "0", "missing_lines": 14, "excluded_lines": 0, "percent_statements_covered": 0.0, "percent_statements_covered_display": "0"}, "missing_lines": [70, 71, 76, 80, 83, 88, 93, 94, 99, 101, 102, 107, 110, 111], "excluded_lines": []}, "NegativeSpaceAnalyzer.analyze_frame": {"executed_lines": [], "summary": {"covered_lines": 0, "num_statements": 35, "percent_covered": 0.0, "percent_covered_display": "0", "missing_lines": 35, "excluded_lines": 0, "percent_statements_covered": 0.0, "percent_statements_covered_display": "0"}, "missing_lines": [134, 135, 137, 139, 140, 144, 145, 146, 149, 150, 153, 154, 157, 162, 163, 169, 170, 171, 172, 178, 179, 180, 181, 187, 193, 203, 204, 207, 218, 220, 226, 228, 230, 231, 232], "excluded_lines": []}, "NegativeSpaceAnalyzer.apply_feedback": {"executed_lines": [], "summary": {"covered_lines": 0, "num_statements": 13, "percent_covered": 0.0, "percent_covered_display": "0", "missing_lines": 13, "excluded_lines": 0, "percent_statements_covered": 0.0, "percent_statements_covered_display": "0"}, "missing_lines": [247, 248, 249, 251, 253, 254, 255, 257, 260, 270, 275, 276, 277], "excluded_lines": []}, "NegativeSpaceAnalyzer.get_region_trajectory": {"executed_lines": [], "summary": {"covered_lines": 0, "num_statements": 3, "percent_covered": 0.0, "percent_covered_display": "0", "missing_lines": 3, "excluded_lines": 0, "percent_statements_covered": 0.0, "percent_statements_covered_display": "0"}, "missing_lines": [284, 285, 286], "excluded_lines": []}, "NegativeSpaceAnalyzer._run_multimodal_analysis": {"executed_lines": [], "summary": {"covered_lines": 0, "num_statements": 8, "percent_covered": 0.0, "percent_covered_display": "0", "missing_lines": 8, "excluded_lines": 0, "percent_statements_covered": 0.0, "percent_statements_covered_display": "0"}, "missing_lines": [297, 299, 300, 301, 302, 303, 304, 307], "excluded_lines": []}, "NegativeSpaceAnalyzer._reanalyze_with_masks": {"executed_lines": [],
[...]
mary": {"covered_lines": 0, "num_statements": 0, "percent_covered": 100.0, "percent_covered_display": "100", "missing_lines": 0, "excluded_lines": 0, "percent_statements_covered": 100.0, "percent_statements_covered_display": "100"}, "missing_lines": [], "excluded_lines": []}, "TaskStatus": {"executed_lines": [], "summary": {"covered_lines": 0, "num_statements": 0, "percent_covered": 100.0, "percent_covered_display": "100", "missing_lines": 0, "excluded_lines": 0, "percent_statements_covered": 100.0, "percent_statements_covered_display": "100"}, "missing_lines": [], "excluded_lines": []}, "TaskCategory": {"executed_lines": [], "summary": {"covered_lines": 0, "num_statements": 0, "percent_covered": 100.0, "percent_covered_display": "100", "missing_lines": 0, "excluded_lines": 0, "percent_statements_covered": 100.0, "percent_statements_covered_display": "100"}, "missing_lines": [], "excluded_lines": []}, "SecurityLevel": {"executed_lines": [], "summary": {"covered_lines": 0, "num_statements": 0, "percent_covered": 100.0, "percent_covered_display": "100", "missing_lines": 0, "excluded_lines": 0, "percent_statements_covered": 100.0, "percent_statements_covered_display": "100"}, "missing_lines": [], "excluded_lines": []}, "Task": {"executed_lines": [], "summary": {"covered_lines": 0, "num_statements": 0, "percent_covered": 100.0, "percent_covered_display": "100", "missing_lines": 0, "excluded_lines": 0, "percent_statements_covered": 100.0, "percent_statements_covered_display": "100"}, "missing_lines": [], "excluded_lines": []}, "TaskExecutionSystem": {"executed_lines": [], "summary": {"covered_lines": 0, "num_statements": 60, "percent_covered": 0.0, "percent_covered_display": "0", "missing_lines": 60, "excluded_lines": 0, "percent_statements_covered": 0.0, "percent_statements_covered_display": "0"}, "missing_lines": [70, 71, 72, 73, 77, 78, 80, 88, 93, 101, 110, 118, 127, 135, 144, 152, 161, 169, 178, 186, 195, 204, 213, 221, 233, 242, 243, 247, 254, 255, 257, 269, 270, 272, 273, 274, 276, 277, 278, 282, 283, 285, 286, 287, 289, 290, 291, 295, 296, 298, 300, 302, 304, 315, 317, 318, 319, 321, 322, 327], "excluded_lines": []}, "": {"executed_lines": [], "summary": {"covered_lines": 0, "num_statements": 59, "percent_covered": 0.0, "percent_covered_display": "0", "missing_lines": 59, "excluded_lines": 0, "percent_statements_covered": 0.0, "percent_statements_covered_display": "0"}, "missing_lines": [4, 5, 6, 7, 8, 9, 12, 13, 14, 15, 16, 19, 20, 21, 22, 23, 26, 27, 28, 29, 30, 31, 32, 33, 34, 35, 36, 37, 38, 39, 40, 43, 44, 45, 46, 47, 48, 51, 52, 54, 55, 56, 57, 58, 59, 60, 61, 62, 63, 66, 69, 75, 90, 223, 245, 267, 280, 293, 313], "excluded_lines": []}}}, "sovereign/validation.py": {"executed_lines": [], "summary": {"covered_lines": 0, "num_statements": 53, "percent_covered": 0.0, "percent_covered_display": "0", "missing_lines": 53, "excluded_lines": 0, "percent_statements_covered": 0.0, "percent_statements_covered_display": "0"}, "missing_lines": [6, 7, 8, 10, 11, 13, 14, 16, 17, 18, 20, 22, 25, 26, 27, 28, 31, 32, 35, 36, 39, 40, 42, 43, 45, 47, 50, 51, 52, 55, 60, 61, 62, 65, 66, 68, 69, 71, 73, 74, 75, 76, 77, 79, 81, 83, 85, 87, 93, 95, 97, 99, 101], "excluded_lines": [], "functions": {"InternalValidator.initialize": {"executed_lines": [], "summary": {"covered_lines": 0, "num_statements": 1, "percent_covered": 0.0, "percent_covered_display": "0", "missing_lines": 1, "excluded_lines": 0, "percent_statements_covered": 0.0, "percent_statements_covered_display": "0"}, "missing_lines": [13], "excluded_lines": []}, "InternalValidator.__init__": {"executed_lines": [], "summary": {"covered_lines": 0, "num_statements": 2, "percent_covered": 0.0, "percent_covered_display": "0", "missing_lines": 2, "excluded_lines": 0, "percent_statements_covered": 0.0, "percent_statements_covered_display": "0"}, "missing_lines": [17, 18], "excluded_lines": []}, "InternalValidator.validate_plan": {"executed_lines": [], "summary": {"covered_lines": 0, "num_statements": 13, "percent_covered": 0.0, "percent_covered_display": "0", "missing_lines": 13, "excluded_lines": 0, "percent_statements_covered": 0.0, "percent_statements_covered_display": "0"}, "missing_lines": [22, 25, 26, 27, 28, 31, 32, 35, 36, 39, 40, 42, 43], "excluded_lines": []}, "InternalValidator.validate_execution": {"executed_lines": [], "summary": {"covered_lines": 0, "num_statements": 12, "percent_covered": 0.0, "percent_covered_display": "0", "missing_lines": 12, "excluded_lines": 0, "percent_statements_covered": 0.0, "percent_statements_covered_display": "0"}, "missing_lines": [47, 50, 51, 52, 55, 60, 61, 62, 65, 66, 68, 69], "excluded_lines": []}, "InternalValidator._validate_resources": {"executed_lines": [], "summary": {"covered_lines": 0, "num_statements": 5, "percent_covered": 0.0, "percent_covered_display": "0", "missing_lines": 5, "excluded_lines": 0, "percent_statements_covered": 0.0, "percent_statements_covered_display": "0"}, "missing_lines": [73, 74, 75, 76, 77], "excluded_lines": []}, "InternalValidator._validate_timeline": {"executed_lines": [], "summary": {"covered_lines": 0, "num_statements": 1, "percent_covered": 0.0, "percent_covered_display": "0", "missing_lines": 1, "excluded_lines": 0, "percent_statements_covered": 0.0, "percent_statements_covered_display": "0"}, "missing_lines": [81], "excluded_lines": []}, "InternalValidator._validate_success_criteria": {"executed_lines": [], "summary": {"covered_lines": 0, "num_statements": 1, "percent_covered": 0.0, "percent_covered_display": "0", "missing_lines": 1, "excluded_lines": 0, "percent_statements_covered": 0.0, "percent_statements_covered_display": "0"}, "missing_lines": [85], "excluded_lines": []}, "InternalValidator._validate_success_criteria_achievement": {"executed_lines": [], "summary": {"covered_lines": 0, "num_statements": 1, "percent_covered": 0.0, "percent_covered_display": "0", "missing_lines": 1, "excluded_lines": 0, "percent_statements_covered": 0.0, "percent_statements_covered_display": "0"}, "missing_lines": [93], "excluded_lines": []}, "InternalValidator._validate_resource_usage": {"executed_lines": [], "summary": {"covered_lines": 0, "num_statements": 1, "percent_covered": 0.0, "percent_covered_display": "0", "missing_lines": 1, "excluded_lines": 0, "percent_statements_covered": 0.0, "percent_statements_covered_display": "0"}, "missing_lines": [97], "excluded_lines": []}, "InternalValidator._check_resource_availability": {"executed_lines": [], "summary": {"covered_lines": 0, "num_statements": 1, "percent_covered": 0.0, "percent_covered_display": "0", "missing_lines": 1, "excluded_lines": 0, "percent_statements_covered": 0.0, "percent_statements_covered_display": "0"}, "missing_lines": [101], "excluded_lines": []}, "": {"executed_lines": [], "summary": {"covered_lines": 0, "num_statements": 15, "percent_covered": 0.0, "percent_covered_display": "0", "missing_lines": 15, "excluded_lines": 0, "percent_statements_covered": 0.0, "percent_statements_covered_display": "0"}, "missing_lines": [6, 7, 8, 10, 11, 14, 16, 20, 45, 71, 79, 83, 87, 95, 99], "excluded_lines": []}}, "classes": {"InternalValidator": {"executed_lines": [], "summary": {"covered_lines": 0, "num_statements": 38, "percent_covered": 0.0, "percent_covered_display": "0", "missing_lines": 38, "excluded_lines": 0, "percent_statements_covered": 0.0, "percent_statements_covered_display": "0"}, "missing_lines": [13, 17, 18, 22, 25, 26, 27, 28, 31, 32, 35, 36, 39, 40, 42, 43, 47, 50, 51, 52, 55, 60, 61, 62, 65, 66, 68, 69, 73, 74, 75, 76, 77, 81, 85, 93, 97, 101], "excluded_lines": []}, "": {"executed_lines": [], "summary": {"covered_lines": 0, "num_statements": 15, "percent_covered": 0.0, "percent_covered_display": "0", "missing_lines": 15, "excluded_lines": 0, "percent_statements_covered": 0.0, "percent_statements_covered_display": "0"}, "missing_lines": [6, 7, 8, 10, 11, 14, 16, 20, 45, 71, 79, 83, 87, 95, 99], "excluded_lines": []}}}, "sovereign/web_interface.py": {"executed_lines": [], "summary": {"covered_lines": 0, "num_statements": 238, "percent_covered": 0.0, "percent_covered_display": "0", "missing_lines": 238, "excluded_lines": 0, "percent_statements_covered": 0.0, "percent_statements_covered_display": "0"}, "missing_lines": [1, 3, 5, 7, 8, 9, 10, 12, 13, 15, 17, 18, 19, 20, 21, 22, 23, 31, 32, 33, 34, 35, 36, 37, 38, 41, 45, 48, 50, 51, 54, 55, 56, 57, 60, 61, 64, 65, 66, 69, 71, 76, 79, 82, 85, 87, 88, 92, 94, 95, 96, 97, 98, 99, 102, 103, 105, 107, 108, 109, 112, 114, 115, 118, 119, 122, 124, 127, 129, 130, 132, 134, 135, 137, 147, 150, 151, 152, 154, 156, 157, 158, 159, 160, 162, 165, 166, 167, 169, 171, 172, 173, 175, 176, 177, 178, 179, 180, 181, 184, 185, 186, 188, 190, 191, 192, 193, 194, 195, 196, 199, 200, 201, 203, 204, 205, 207, 216, 217, 220, 221, 222, 224, 225, 226, 227, 228, 229, 230, 233, 234, 235, 237, 238, 239, 240, 241, 242, 243, 244, 247, 248, 249, 251, 252, 253, 254, 255, 257, 258, 259, 260, 261, 262, 265, 266, 267, 270, 272, 279, 280, 281, 283, 284, 286, 287, 288, 290, 297, 298, 299, 301, 303, 309, 310, 311, 313, 316, 317, 318, 319, 320, 321, 329, 337, 338, 339, 341, 342, 343, 345, 347, 350, 351, 352, 355, 356, 357, 358, 359, 360, 363, 364, 365, 367, 368, 369, 371, 372, 373, 374, 376, 377, 378, 379, 380, 381, 384, 385, 386, 388, 389, 390, 392, 393, 394, 395, 396, 398, 400, 401, 402, 403, 404, 405, 408, 410, 413], "excluded_lines": [], "functions": {"init_app": {"executed_lines": [], "summary": {"covered_lines": 0, "num_statements": 1, "percent_covered": 0.0, "percent_covered_display": "0", "missing_lines": 1, "excluded_lines": 0, "percent_statements_covered": 0.0, "percent_statements_covered_display": "0"}, "missing_lines": [3], "excluded_lines": []}, "SecurityManager.__init__": {"executed_lines": [], "summary": {"covered_lines": 0, "num_statements": 1, "percent_covered": 0.0, "percent_covered_display": "0", "missing_lines": 1, "excluded_lines": 0, "percent_statements_covered": 0.0, "percent_statements_covered_display": "0"}, "missing_lines": [8], "excluded_lines": []}, "SecurityManager.is_secure": {"executed_lines": [], "summary": {"covered_lines": 0, "num_statements": 1, "percent_covered": 0.0, "percent_covered_display": "0", "missing_lines": 1, "excluded_lines": 0, "percent_statements_covered": 0.0, "percent_statements_covered_display": "0"}, "missing_lines": [10], "excluded_lines": []}, "create_app": {"executed_lines": [], "summary": {"covered_lines": 0, "num_statements": 5, "percent_covered": 0.0, "percent_covered_display": "0", "missing_lines": 5, "excluded_lines": 0, "percent_statements_covered": 0.0, "percent_statements_covered_display": "0"}, "missing_lines": [17, 18, 19, 20, 22], "excluded_lines": []}, "create_app.index": {"executed_lines": [], "summary": {"covered_lines": 0, "num_statements": 1, "percent_covered": 0.0, "percent_covered_display": "0", "missing_lines": 1, "excluded_lines": 0, "percent_statements_covered": 0.0, "percent_statements_covered_display": "0"}, "missing_lines": [21], "excluded_lines": []}, "initialize_controller": {"executed_lines": [], "summary": {"covered_lines": 0, "num_statements": 6, "percent_covered": 0.0, "percent_covered_display": "0", "missing_lines": 6, "excluded_lines": 0, "percent_statements_covered": 0.0, "percent_statements_covered_display": "0"}, "missing_lines": [76, 79, 82, 85, 87, 88], "excluded_lines": []}, "login_required": {"executed_lines": [], "summary": {"covered_lines": 0, "num_statements": 4, "percent_covered": 0.0, "percent_covered_display": "0", "missing_lines": 4, "excluded_lines": 0, "percent_statements_covered": 0.0, "percent_statements_covered_display": "0"}, "missing_lines": [94, 95, 96, 115], "excluded_lines": []}, "login_required.decorated_function": {"executed_lines": [], "summary": {"covered_lines": 0, "num_statements": 11, "percent_covered": 0.0, "percent_covered_display": "0", "missing_lines": 11, "excluded_lines": 0, "percent_statements_covered": 0.0, "percent_statements_covered_display": "0"}, "missing_lines": [97, 98, 99, 102, 103, 105, 107, 108, 109, 112, 114], "excluded_lines": []}, "index": {"executed_lines": [], "summary": {"covered_lines": 0, "num_statements": 10, "percent_covered": 0.0, "percent_covered_display": "0", "missing_lines": 10, "excluded_lines": 0, "percent_statements_covered": 0.0, "percent_statements_covered_display": "0"}, "missing_lines": [122, 124, 127, 129, 130, 132, 134, 135, 137, 147], "excluded_lines": []}, "initialize": {"executed_lines": [], "summary": {"covered_lines": 0, "num_statements": 7, "percent_covered": 0.0, "percent_covered_display": "0", "missing_lines": 7, "excluded_lines": 0, "percent_statements_covered": 0.0, "percent_statements_covered_display": "0"}, "missing_lines": [154, 156, 157, 158, 159, 160, 162], "excluded_lines": []}, "execute": {"executed_lines": [], "summary": {"covered_lines": 0, "num_statements": 11, "percent_covered": 0.0, "percent_covered_display": "0", "missing_lines": 11, "excluded_lines": 0, "percent_statements_covered": 0.0, "percent_statements_covered_display": "0"}, "missing_lines": [169, 171, 172, 173, 175, 176, 177, 178, 179, 180, 181], "excluded_lines": []}, "optimize": {"executed_lines": [], "summary": {"covered_lines": 0, "num_statements": 8, "percent_covered": 0.0, "percent_covered_display": "0", "missing_lines": 8, "excluded_lines": 0, "percent_statements_covered": 0.0, "percent_statements_covered_display": "0"}, "missing_lines": [188, 190, 191, 192, 193, 194, 195, 196], "excluded_lines": []}, "status": {"executed_lines": [], "summary": {"covered_lines": 0, "num_statements": 6, "percent_covered": 0.0, "percent_covered_display": "0", "missing_lines": 6, "excluded_lines": 0, "percent_statements_covered": 0.0, "percent_statements_covered_display": "0"}, "missing_lines": [203, 204, 205, 207, 216, 217], "excluded_lines": []}, "sovereign": {"executed_lines": [], "summary": {"covered_lines": 0, "num_statements": 7, "percent_covered": 0.0, "percent_covered_display": "0", "missing_lines": 7, "excluded_lines": 0, "percent_statements_covered": 0.0, "percent_statements_covered_display": "0"}, "missing_lines": [224, 225, 226, 227, 228, 229, 230], "excluded_lines": []}, "save": {"executed_lines": [], "summary": {"covered_lines": 0, "num_statements": 8, "percent_covered": 0.0, "percent_covered_display": "0", "missing_lines": 8, "excluded_lines": 0, "percent_statements_covered": 0.0, "percent_statements_covered_display": "0"}, "missing_lines": [237, 238, 239, 240, 241, 242, 243, 244], "excluded_lines": []}, "load": {"executed_lines": [], "summary": {"covered_lines": 0, "num_statements": 11, "percent_covered": 0.0, "percent_covered_display": "0", "missing_lines": 11, "excluded_lines": 0, "percent_statements_covered": 0.0, "percent_statements_covered_display": "0"}, "missing_lines": [251, 252, 253, 254, 255, 257, 258, 259, 260, 261, 262], "excluded_lines": []}, "directives": {"executed_lines": [], "summary": {"covered_lines": 0, "num_statements": 2, "percent_covered": 0.0, "percent_covered_display": "0", "missing_lines": 2, "excluded_lines": 0, "percent_statements_covered": 0.0, "percent_statements_covered_display": "0"}, "missing_lines": [270, 272], "excluded_lines": []}, "directive_detail": {"executed_lines": [], "summary": {"covered_lines": 0, "num_statements": 6, "percent_covered": 0.0, "percent_covered_display": "0", "missing_lines": 6, "excluded_lines": 0, "percent_statements_covered": 0.0, "percent_statements_covered_display": "0"}, "missing_lines": [283, 284, 286, 287, 288, 290], "excluded_lines": []}, "optimization": {"executed_lines": [], "summary": {"covered_lines": 0, "num_statements": 2, "percent_covered": 0.0, "percent_covered_display": "0", "missing_lines": 2, "excluded_lines": 0, "percent_statements_covered": 0.0, "percent_statements_covered_display": "0"}, "missing_lines": [301, 303], "excluded_lines": []}, "configuration": {"executed_lines": [], "summary": {"covered_lines": 0, "num_statements": 8, "percent_covered": 0.0, "percent_covered_display": "0", "missing_lines": 8, "excluded_lines": 0, "percent_statements_covered": 0.0, "percent_statements_covered_display": "0"}, "missing_lines": [313, 316, 317, 318, 319, 320, 321, 329], "excluded_lines": []}, "configure": {"executed_lines": [], "summary": {"covered_lines": 0, "num_statements": 14, "percent_covered": 0.0, "percent_covered_display": "0", "missing_lines": 14, "excluded_lines": 0, "percent_statements_covered": 0.0, "percent_statements_covered_display": "0"}, "missing_lines": [341, 342, 343, 345, 347, 350, 351, 352, 355, 356, 357, 358, 359, 360], "excluded_lines": []}, "backup": {"executed_lines": [], "summary": {"covered_lines": 0, "num_statements": 13, "percent_covered": 0.0, "percent_covered_display": "0", "missing_lines": 13, "excluded_lines": 0, "percent_statements_covered": 0.0, "percent_statements_covered_display": "0"}, "missing_lines": [367, 368, 369, 371, 372, 373, 374, 376, 377, 378, 379, 380, 381], "excluded_lines": []}, "restore": {"executed_lines": [], "summary": {"covered_lines": 0, "num_statements": 15, "percent_covered": 0.0, "percent_covered_display": "0", "missing_lines": 15, "excluded_lines": 0, "percent_statements_covered": 0.0, "percent_statements_covered_display": "0"}, "missing_lines": [388, 389, 390, 392, 393, 394, 395, 396, 398, 400, 401, 402, 403, 404, 405], "excluded_lines": []}, "": {"executed_lines": [], "summary": {"covered_lines": 0, "num_statements": 80, "percent_covered": 0.0, "percent_covered_display": "0", "missing_lines": 80, "excluded_lines": 0, "percent_statements_covered": 0.0, "percent_statements_covered_display": "0"}, "missing_lines": [1, 5, 7, 9, 12, 13, 15, 23, 31, 32, 33, 34, 35, 36, 37, 38, 41, 45, 48, 50, 51, 54, 55, 56, 57, 60, 61, 64, 65, 66, 69, 71, 92, 118, 119, 150, 151, 152, 165, 166, 167, 184, 185, 186, 199, 200, 201, 220, 221, 222, 233, 234, 235, 247, 248, 249, 265, 266, 267, 279, 280, 281, 297, 298, 299, 309, 310, 311, 337, 338, 339, 363, 364, 365, 384, 385, 386, 408, 410, 413], "excluded_lines": []}}, "classes": {"SecurityManager": {"executed_lines": [], "summary": {"covered_lines": 0, "num_statements": 2, "percent_covered": 0.0, "percent_covered_display": "0", "missing_lines": 2, "excluded_lines": 0, "percent_statements_covered": 0.0, "percent_statements_covered_display": "0"}, "missing_lines": [8, 10], "excluded_lines": []}, "": {"executed_lines": [], "summary": {"covered_lines": 0, "num_statements": 236, "percent_covered": 0.0, "percent_covered_display": "0", "missing_lines": 236, "excluded_lines": 0, "percent_statements_covered": 0.0, "percent_statements_covered_display": "0"}, "missing_lines": [1, 3, 5, 7, 9, 12, 13, 15, 17, 18, 19, 20, 21, 22, 23, 31, 32, 33, 34, 35, 36, 37, 38, 41, 45, 48, 50, 51, 54, 55, 56, 57, 60, 61, 64, 65, 66, 69, 71, 76, 79, 82, 85, 87, 88, 92, 94, 95, 96, 97, 98, 99, 102, 103, 105, 107, 108, 109, 112, 114, 115, 118, 119, 122, 124, 127, 129, 130, 132, 134, 135, 137, 147, 150, 151, 152, 154, 156, 157, 158, 159, 160, 162, 165, 166, 167, 169, 171, 172, 173, 175, 176, 177, 178, 179, 180, 181, 184, 185, 186, 188, 190, 191, 192, 193, 194, 195, 196, 199, 200, 201, 203, 204, 205, 207, 216, 217, 220, 221, 222, 224, 225, 226, 227, 228, 229, 230, 233, 234, 235, 237, 238, 239, 240, 241, 242, 243, 244, 247, 248, 249, 251, 252, 253, 254, 255, 257, 258, 259, 260, 261, 262, 265, 266, 267, 270, 272, 279, 280, 281, 283, 284, 286, 287, 288, 290, 297, 298, 299, 301, 303, 309, 310, 311, 313, 316, 317, 318, 319, 320, 321, 329, 337, 338, 339, 341, 342, 343, 345, 347, 350, 351, 352, 355, 356, 357, 358, 359, 360, 363, 364, 365, 367, 368, 369, 371, 372, 373, 374, 376, 377, 378, 379, 380, 381, 384, 385, 386, 388, 389, 390, 392, 393, 394, 395, 396, 398, 400, 401, 402, 403, 404, 405, 408, 410, 413], "excluded_lines": []}}}}, "totals": {"covered_lines": 0, "num_statements": 9635, "percent_covered": 0.0, "percent_covered_display": "0", "missing_lines": 9635, "excluded_lines": 0, "percent_statements_covered": 0.0, "percent_statements_covered_display": "0"}}